2022-07-16 01:02:27,982 INFO org.apache.hadoop.yarn.server.resourcemanager.ResourceManager: STARTUP_MSG: 
/************************************************************
STARTUP_MSG: Starting ResourceManager
STARTUP_MSG:   host = ubuntu/10.128.0.3
STARTUP_MSG:   args = []
STARTUP_MSG:   version = 3.3.3
STARTUP_MSG:   classpath = /usr/local/hadoop/etc/hadoop:/usr/local/hadoop/share/hadoop/common/lib/jsr305-3.0.2.jar:/usr/local/hadoop/share/hadoop/common/lib/jettison-1.1.jar:/usr/local/hadoop/share/hadoop/common/lib/httpcore-4.4.13.jar:/usr/local/hadoop/share/hadoop/common/lib/jsch-0.1.55.jar:/usr/local/hadoop/share/hadoop/common/lib/kerb-common-1.0.1.jar:/usr/local/hadoop/share/hadoop/common/lib/json-smart-2.4.7.jar:/usr/local/hadoop/share/hadoop/common/lib/commons-cli-1.2.jar:/usr/local/hadoop/share/hadoop/common/lib/avro-1.7.7.jar:/usr/local/hadoop/share/hadoop/common/lib/guava-27.0-jre.jar:/usr/local/hadoop/share/hadoop/common/lib/token-provider-1.0.1.jar:/usr/local/hadoop/share/hadoop/common/lib/jetty-security-9.4.43.v20210629.jar:/usr/local/hadoop/share/hadoop/common/lib/commons-net-3.6.jar:/usr/local/hadoop/share/hadoop/common/lib/kerb-crypto-1.0.1.jar:/usr/local/hadoop/share/hadoop/common/lib/jetty-server-9.4.43.v20210629.jar:/usr/local/hadoop/share/hadoop/common/lib/javax.servlet-api-3.1.0.jar:/usr/local/hadoop/share/hadoop/common/lib/commons-codec-1.15.jar:/usr/local/hadoop/share/hadoop/common/lib/commons-configuration2-2.1.1.jar:/usr/local/hadoop/share/hadoop/common/lib/jersey-server-1.19.jar:/usr/local/hadoop/share/hadoop/common/lib/jetty-util-ajax-9.4.43.v20210629.jar:/usr/local/hadoop/share/hadoop/common/lib/commons-daemon-1.0.13.jar:/usr/local/hadoop/share/hadoop/common/lib/asm-5.0.4.jar:/usr/local/hadoop/share/hadoop/common/lib/paranamer-2.3.jar:/usr/local/hadoop/share/hadoop/common/lib/jetty-http-9.4.43.v20210629.jar:/usr/local/hadoop/share/hadoop/common/lib/kerb-client-1.0.1.jar:/usr/local/hadoop/share/hadoop/common/lib/jul-to-slf4j-1.7.36.jar:/usr/local/hadoop/share/hadoop/common/lib/kerb-util-1.0.1.jar:/usr/local/hadoop/share/hadoop/common/lib/jackson-mapper-asl-1.9.13.jar:/usr/local/hadoop/share/hadoop/common/lib/woodstox-core-5.3.0.jar:/usr/local/hadoop/share/hadoop/common/lib/re2j-1.1.jar:/usr/local/hadoop/share/hadoop/common/lib/jackson-jaxrs-1.9.13.jar:/usr/local/hadoop/share/hadoop/common/lib/netty-3.10.6.Final.jar:/usr/local/hadoop/share/hadoop/common/lib/zookeeper-jute-3.5.6.jar:/usr/local/hadoop/share/hadoop/common/lib/metrics-core-3.2.4.jar:/usr/local/hadoop/share/hadoop/common/lib/jetty-webapp-9.4.43.v20210629.jar:/usr/local/hadoop/share/hadoop/common/lib/slf4j-api-1.7.36.jar:/usr/local/hadoop/share/hadoop/common/lib/jetty-xml-9.4.43.v20210629.jar:/usr/local/hadoop/share/hadoop/common/lib/kerby-asn1-1.0.1.jar:/usr/local/hadoop/share/hadoop/common/lib/jetty-servlet-9.4.43.v20210629.jar:/usr/local/hadoop/share/hadoop/common/lib/commons-compress-1.21.jar:/usr/local/hadoop/share/hadoop/common/lib/animal-sniffer-annotations-1.17.jar:/usr/local/hadoop/share/hadoop/common/lib/commons-math3-3.1.1.jar:/usr/local/hadoop/share/hadoop/common/lib/checker-qual-2.5.2.jar:/usr/local/hadoop/share/hadoop/common/lib/j2objc-annotations-1.1.jar:/usr/local/hadoop/share/hadoop/common/lib/hadoop-shaded-guava-1.1.1.jar:/usr/local/hadoop/share/hadoop/common/lib/jsp-api-2.1.jar:/usr/local/hadoop/share/hadoop/common/lib/jaxb-api-2.2.11.jar:/usr/local/hadoop/share/hadoop/common/lib/jackson-core-2.13.2.jar:/usr/local/hadoop/share/hadoop/common/lib/jersey-json-1.19.jar:/usr/local/hadoop/share/hadoop/common/lib/hadoop-auth-3.3.3.jar:/usr/local/hadoop/share/hadoop/common/lib/audience-annotations-0.5.0.jar:/usr/local/hadoop/share/hadoop/common/lib/curator-recipes-4.2.0.jar:/usr/local/hadoop/share/hadoop/common/lib/reload4j-1.2.18.3.jar:/usr/local/hadoop/share/hadoop/common/lib/jackson-core-asl-1.9.13.jar:/usr/local/hadoop/share/hadoop/common/lib/jakarta.activation-api-1.2.1.jar:/usr/local/hadoop/share/hadoop/common/lib/kerb-identity-1.0.1.jar:/usr/local/hadoop/share/hadoop/common/lib/accessors-smart-2.4.7.jar:/usr/local/hadoop/share/hadoop/common/lib/commons-text-1.4.jar:/usr/local/hadoop/share/hadoop/common/lib/kerb-core-1.0.1.jar:/usr/local/hadoop/share/hadoop/common/lib/listenablefuture-9999.0-empty-to-avoid-conflict-with-guava.jar:/usr/local/hadoop/share/hadoop/common/lib/curator-client-4.2.0.jar:/usr/local/hadoop/share/hadoop/common/lib/jetty-io-9.4.43.v20210629.jar:/usr/local/hadoop/share/hadoop/common/lib/kerby-config-1.0.1.jar:/usr/local/hadoop/share/hadoop/common/lib/commons-logging-1.1.3.jar:/usr/local/hadoop/share/hadoop/common/lib/curator-framework-4.2.0.jar:/usr/local/hadoop/share/hadoop/common/lib/kerb-admin-1.0.1.jar:/usr/local/hadoop/share/hadoop/common/lib/jaxb-impl-2.2.3-1.jar:/usr/local/hadoop/share/hadoop/common/lib/kerby-pkix-1.0.1.jar:/usr/local/hadoop/share/hadoop/common/lib/jetty-util-9.4.43.v20210629.jar:/usr/local/hadoop/share/hadoop/common/lib/snappy-java-1.1.8.2.jar:/usr/local/hadoop/share/hadoop/common/lib/jackson-databind-2.13.2.2.jar:/usr/local/hadoop/share/hadoop/common/lib/hadoop-annotations-3.3.3.jar:/usr/local/hadoop/share/hadoop/common/lib/stax2-api-4.2.1.jar:/usr/local/hadoop/share/hadoop/common/lib/hadoop-shaded-protobuf_3_7-1.1.1.jar:/usr/local/hadoop/share/hadoop/common/lib/kerb-server-1.0.1.jar:/usr/local/hadoop/share/hadoop/common/lib/jcip-annotations-1.0-1.jar:/usr/local/hadoop/share/hadoop/common/lib/zookeeper-3.5.6.jar:/usr/local/hadoop/share/hadoop/common/lib/httpclient-4.5.13.jar:/usr/local/hadoop/share/hadoop/common/lib/commons-io-2.8.0.jar:/usr/local/hadoop/share/hadoop/common/lib/jersey-servlet-1.19.jar:/usr/local/hadoop/share/hadoop/common/lib/gson-2.8.9.jar:/usr/local/hadoop/share/hadoop/common/lib/jackson-xc-1.9.13.jar:/usr/local/hadoop/share/hadoop/common/lib/jersey-core-1.19.jar:/usr/local/hadoop/share/hadoop/common/lib/protobuf-java-2.5.0.jar:/usr/local/hadoop/share/hadoop/common/lib/dnsjava-2.1.7.jar:/usr/local/hadoop/share/hadoop/common/lib/jackson-annotations-2.13.2.jar:/usr/local/hadoop/share/hadoop/common/lib/jsr311-api-1.1.1.jar:/usr/local/hadoop/share/hadoop/common/lib/commons-lang3-3.12.0.jar:/usr/local/hadoop/share/hadoop/common/lib/kerby-xdr-1.0.1.jar:/usr/local/hadoop/share/hadoop/common/lib/kerb-simplekdc-1.0.1.jar:/usr/local/hadoop/share/hadoop/common/lib/commons-beanutils-1.9.4.jar:/usr/local/hadoop/share/hadoop/common/lib/kerby-util-1.0.1.jar:/usr/local/hadoop/share/hadoop/common/lib/slf4j-reload4j-1.7.36.jar:/usr/local/hadoop/share/hadoop/common/lib/failureaccess-1.0.jar:/usr/local/hadoop/share/hadoop/common/lib/commons-collections-3.2.2.jar:/usr/local/hadoop/share/hadoop/common/lib/nimbus-jose-jwt-9.8.1.jar:/usr/local/hadoop/share/hadoop/common/hadoop-registry-3.3.3.jar:/usr/local/hadoop/share/hadoop/common/hadoop-common-3.3.3.jar:/usr/local/hadoop/share/hadoop/common/hadoop-nfs-3.3.3.jar:/usr/local/hadoop/share/hadoop/common/hadoop-common-3.3.3-tests.jar:/usr/local/hadoop/share/hadoop/common/hadoop-kms-3.3.3.jar:/usr/local/hadoop/share/hadoop/hdfs:/usr/local/hadoop/share/hadoop/hdfs/lib/jsr305-3.0.2.jar:/usr/local/hadoop/share/hadoop/hdfs/lib/jettison-1.1.jar:/usr/local/hadoop/share/hadoop/hdfs/lib/httpcore-4.4.13.jar:/usr/local/hadoop/share/hadoop/hdfs/lib/jsch-0.1.55.jar:/usr/local/hadoop/share/hadoop/hdfs/lib/kerb-common-1.0.1.jar:/usr/local/hadoop/share/hadoop/hdfs/lib/json-smart-2.4.7.jar:/usr/local/hadoop/share/hadoop/hdfs/lib/commons-cli-1.2.jar:/usr/local/hadoop/share/hadoop/hdfs/lib/avro-1.7.7.jar:/usr/local/hadoop/share/hadoop/hdfs/lib/guava-27.0-jre.jar:/usr/local/hadoop/share/hadoop/hdfs/lib/token-provider-1.0.1.jar:/usr/local/hadoop/share/hadoop/hdfs/lib/jetty-security-9.4.43.v20210629.jar:/usr/local/hadoop/share/hadoop/hdfs/lib/commons-net-3.6.jar:/usr/local/hadoop/share/hadoop/hdfs/lib/kerb-crypto-1.0.1.jar:/usr/local/hadoop/share/hadoop/hdfs/lib/jetty-server-9.4.43.v20210629.jar:/usr/local/hadoop/share/hadoop/hdfs/lib/javax.servlet-api-3.1.0.jar:/usr/local/hadoop/share/hadoop/hdfs/lib/commons-codec-1.15.jar:/usr/local/hadoop/share/hadoop/hdfs/lib/commons-configuration2-2.1.1.jar:/usr/local/hadoop/share/hadoop/hdfs/lib/jersey-server-1.19.jar:/usr/local/hadoop/share/hadoop/hdfs/lib/jetty-util-ajax-9.4.43.v20210629.jar:/usr/local/hadoop/share/hadoop/hdfs/lib/commons-daemon-1.0.13.jar:/usr/local/hadoop/share/hadoop/hdfs/lib/asm-5.0.4.jar:/usr/local/hadoop/share/hadoop/hdfs/lib/paranamer-2.3.jar:/usr/local/hadoop/share/hadoop/hdfs/lib/jetty-http-9.4.43.v20210629.jar:/usr/local/hadoop/share/hadoop/hdfs/lib/kerb-client-1.0.1.jar:/usr/local/hadoop/share/hadoop/hdfs/lib/kerb-util-1.0.1.jar:/usr/local/hadoop/share/hadoop/hdfs/lib/jackson-mapper-asl-1.9.13.jar:/usr/local/hadoop/share/hadoop/hdfs/lib/woodstox-core-5.3.0.jar:/usr/local/hadoop/share/hadoop/hdfs/lib/re2j-1.1.jar:/usr/local/hadoop/share/hadoop/hdfs/lib/jackson-jaxrs-1.9.13.jar:/usr/local/hadoop/share/hadoop/hdfs/lib/netty-3.10.6.Final.jar:/usr/local/hadoop/share/hadoop/hdfs/lib/zookeeper-jute-3.5.6.jar:/usr/local/hadoop/share/hadoop/hdfs/lib/jetty-webapp-9.4.43.v20210629.jar:/usr/local/hadoop/share/hadoop/hdfs/lib/jetty-xml-9.4.43.v20210629.jar:/usr/local/hadoop/share/hadoop/hdfs/lib/kerby-asn1-1.0.1.jar:/usr/local/hadoop/share/hadoop/hdfs/lib/okio-1.6.0.jar:/usr/local/hadoop/share/hadoop/hdfs/lib/jetty-servlet-9.4.43.v20210629.jar:/usr/local/hadoop/share/hadoop/hdfs/lib/commons-compress-1.21.jar:/usr/local/hadoop/share/hadoop/hdfs/lib/animal-sniffer-annotations-1.17.jar:/usr/local/hadoop/share/hadoop/hdfs/lib/commons-math3-3.1.1.jar:/usr/local/hadoop/share/hadoop/hdfs/lib/checker-qual-2.5.2.jar:/usr/local/hadoop/share/hadoop/hdfs/lib/j2objc-annotations-1.1.jar:/usr/local/hadoop/share/hadoop/hdfs/lib/leveldbjni-all-1.8.jar:/usr/local/hadoop/share/hadoop/hdfs/lib/hadoop-shaded-guava-1.1.1.jar:/usr/local/hadoop/share/hadoop/hdfs/lib/jaxb-api-2.2.11.jar:/usr/local/hadoop/share/hadoop/hdfs/lib/okhttp-2.7.5.jar:/usr/local/hadoop/share/hadoop/hdfs/lib/jackson-core-2.13.2.jar:/usr/local/hadoop/share/hadoop/hdfs/lib/jersey-json-1.19.jar:/usr/local/hadoop/share/hadoop/hdfs/lib/hadoop-auth-3.3.3.jar:/usr/local/hadoop/share/hadoop/hdfs/lib/audience-annotations-0.5.0.jar:/usr/local/hadoop/share/hadoop/hdfs/lib/curator-recipes-4.2.0.jar:/usr/local/hadoop/share/hadoop/hdfs/lib/reload4j-1.2.18.3.jar:/usr/local/hadoop/share/hadoop/hdfs/lib/jackson-core-asl-1.9.13.jar:/usr/local/hadoop/share/hadoop/hdfs/lib/jakarta.activation-api-1.2.1.jar:/usr/local/hadoop/share/hadoop/hdfs/lib/kerb-identity-1.0.1.jar:/usr/local/hadoop/share/hadoop/hdfs/lib/accessors-smart-2.4.7.jar:/usr/local/hadoop/share/hadoop/hdfs/lib/commons-text-1.4.jar:/usr/local/hadoop/share/hadoop/hdfs/lib/kerb-core-1.0.1.jar:/usr/local/hadoop/share/hadoop/hdfs/lib/listenablefuture-9999.0-empty-to-avoid-conflict-with-guava.jar:/usr/local/hadoop/share/hadoop/hdfs/lib/curator-client-4.2.0.jar:/usr/local/hadoop/share/hadoop/hdfs/lib/netty-all-4.1.68.Final.jar:/usr/local/hadoop/share/hadoop/hdfs/lib/jetty-io-9.4.43.v20210629.jar:/usr/local/hadoop/share/hadoop/hdfs/lib/kerby-config-1.0.1.jar:/usr/local/hadoop/share/hadoop/hdfs/lib/commons-logging-1.1.3.jar:/usr/local/hadoop/share/hadoop/hdfs/lib/curator-framework-4.2.0.jar:/usr/local/hadoop/share/hadoop/hdfs/lib/kerb-admin-1.0.1.jar:/usr/local/hadoop/share/hadoop/hdfs/lib/jaxb-impl-2.2.3-1.jar:/usr/local/hadoop/share/hadoop/hdfs/lib/kerby-pkix-1.0.1.jar:/usr/local/hadoop/share/hadoop/hdfs/lib/jetty-util-9.4.43.v20210629.jar:/usr/local/hadoop/share/hadoop/hdfs/lib/snappy-java-1.1.8.2.jar:/usr/local/hadoop/share/hadoop/hdfs/lib/jackson-databind-2.13.2.2.jar:/usr/local/hadoop/share/hadoop/hdfs/lib/hadoop-annotations-3.3.3.jar:/usr/local/hadoop/share/hadoop/hdfs/lib/stax2-api-4.2.1.jar:/usr/local/hadoop/share/hadoop/hdfs/lib/hadoop-shaded-protobuf_3_7-1.1.1.jar:/usr/local/hadoop/share/hadoop/hdfs/lib/kerb-server-1.0.1.jar:/usr/local/hadoop/share/hadoop/hdfs/lib/jcip-annotations-1.0-1.jar:/usr/local/hadoop/share/hadoop/hdfs/lib/zookeeper-3.5.6.jar:/usr/local/hadoop/share/hadoop/hdfs/lib/json-simple-1.1.1.jar:/usr/local/hadoop/share/hadoop/hdfs/lib/httpclient-4.5.13.jar:/usr/local/hadoop/share/hadoop/hdfs/lib/commons-io-2.8.0.jar:/usr/local/hadoop/share/hadoop/hdfs/lib/jersey-servlet-1.19.jar:/usr/local/hadoop/share/hadoop/hdfs/lib/gson-2.8.9.jar:/usr/local/hadoop/share/hadoop/hdfs/lib/jackson-xc-1.9.13.jar:/usr/local/hadoop/share/hadoop/hdfs/lib/jersey-core-1.19.jar:/usr/local/hadoop/share/hadoop/hdfs/lib/protobuf-java-2.5.0.jar:/usr/local/hadoop/share/hadoop/hdfs/lib/dnsjava-2.1.7.jar:/usr/local/hadoop/share/hadoop/hdfs/lib/jackson-annotations-2.13.2.jar:/usr/local/hadoop/share/hadoop/hdfs/lib/jsr311-api-1.1.1.jar:/usr/local/hadoop/share/hadoop/hdfs/lib/commons-lang3-3.12.0.jar:/usr/local/hadoop/share/hadoop/hdfs/lib/kerby-xdr-1.0.1.jar:/usr/local/hadoop/share/hadoop/hdfs/lib/kerb-simplekdc-1.0.1.jar:/usr/local/hadoop/share/hadoop/hdfs/lib/commons-beanutils-1.9.4.jar:/usr/local/hadoop/share/hadoop/hdfs/lib/kerby-util-1.0.1.jar:/usr/local/hadoop/share/hadoop/hdfs/lib/failureaccess-1.0.jar:/usr/local/hadoop/share/hadoop/hdfs/lib/commons-collections-3.2.2.jar:/usr/local/hadoop/share/hadoop/hdfs/lib/nimbus-jose-jwt-9.8.1.jar:/usr/local/hadoop/share/hadoop/hdfs/hadoop-hdfs-client-3.3.3-tests.jar:/usr/local/hadoop/share/hadoop/hdfs/hadoop-hdfs-3.3.3-tests.jar:/usr/local/hadoop/share/hadoop/hdfs/hadoop-hdfs-native-client-3.3.3-tests.jar:/usr/local/hadoop/share/hadoop/hdfs/hadoop-hdfs-rbf-3.3.3-tests.jar:/usr/local/hadoop/share/hadoop/hdfs/hadoop-hdfs-native-client-3.3.3.jar:/usr/local/hadoop/share/hadoop/hdfs/hadoop-hdfs-rbf-3.3.3.jar:/usr/local/hadoop/share/hadoop/hdfs/hadoop-hdfs-httpfs-3.3.3.jar:/usr/local/hadoop/share/hadoop/hdfs/hadoop-hdfs-nfs-3.3.3.jar:/usr/local/hadoop/share/hadoop/hdfs/hadoop-hdfs-client-3.3.3.jar:/usr/local/hadoop/share/hadoop/hdfs/hadoop-hdfs-3.3.3.jar:/usr/local/hadoop/share/hadoop/mapreduce/hadoop-mapreduce-client-uploader-3.3.3.jar:/usr/local/hadoop/share/hadoop/mapreduce/hadoop-mapreduce-client-nativetask-3.3.3.jar:/usr/local/hadoop/share/hadoop/mapreduce/hadoop-mapreduce-client-jobclient-3.3.3-tests.jar:/usr/local/hadoop/share/hadoop/mapreduce/hadoop-mapreduce-client-hs-3.3.3.jar:/usr/local/hadoop/share/hadoop/mapreduce/hadoop-mapreduce-client-shuffle-3.3.3.jar:/usr/local/hadoop/share/hadoop/mapreduce/hadoop-mapreduce-client-jobclient-3.3.3.jar:/usr/local/hadoop/share/hadoop/mapreduce/hadoop-mapreduce-client-app-3.3.3.jar:/usr/local/hadoop/share/hadoop/mapreduce/hadoop-mapreduce-client-common-3.3.3.jar:/usr/local/hadoop/share/hadoop/mapreduce/hadoop-mapreduce-examples-3.3.3.jar:/usr/local/hadoop/share/hadoop/mapreduce/hadoop-mapreduce-client-core-3.3.3.jar:/usr/local/hadoop/share/hadoop/mapreduce/hadoop-mapreduce-client-hs-plugins-3.3.3.jar:/usr/local/hadoop/share/hadoop/yarn:/usr/local/hadoop/share/hadoop/yarn/lib/guice-servlet-4.0.jar:/usr/local/hadoop/share/hadoop/yarn/lib/asm-analysis-9.1.jar:/usr/local/hadoop/share/hadoop/yarn/lib/geronimo-jcache_1.0_spec-1.0-alpha-1.jar:/usr/local/hadoop/share/hadoop/yarn/lib/jetty-annotations-9.4.43.v20210629.jar:/usr/local/hadoop/share/hadoop/yarn/lib/aopalliance-1.0.jar:/usr/local/hadoop/share/hadoop/yarn/lib/asm-commons-9.1.jar:/usr/local/hadoop/share/hadoop/yarn/lib/javax.websocket-api-1.0.jar:/usr/local/hadoop/share/hadoop/yarn/lib/jna-5.2.0.jar:/usr/local/hadoop/share/hadoop/yarn/lib/json-io-2.5.1.jar:/usr/local/hadoop/share/hadoop/yarn/lib/ehcache-3.3.1.jar:/usr/local/hadoop/share/hadoop/yarn/lib/jetty-jndi-9.4.43.v20210629.jar:/usr/local/hadoop/share/hadoop/yarn/lib/websocket-server-9.4.43.v20210629.jar:/usr/local/hadoop/share/hadoop/yarn/lib/jetty-client-9.4.43.v20210629.jar:/usr/local/hadoop/share/hadoop/yarn/lib/HikariCP-java7-2.4.12.jar:/usr/local/hadoop/share/hadoop/yarn/lib/metrics-core-3.2.4.jar:/usr/local/hadoop/share/hadoop/yarn/lib/jackson-jaxrs-json-provider-2.13.2.jar:/usr/local/hadoop/share/hadoop/yarn/lib/objenesis-2.6.jar:/usr/local/hadoop/share/hadoop/yarn/lib/jakarta.xml.bind-api-2.3.3.jar:/usr/local/hadoop/share/hadoop/yarn/lib/bcpkix-jdk15on-1.60.jar:/usr/local/hadoop/share/hadoop/yarn/lib/jackson-module-jaxb-annotations-2.13.2.jar:/usr/local/hadoop/share/hadoop/yarn/lib/websocket-servlet-9.4.43.v20210629.jar:/usr/local/hadoop/share/hadoop/yarn/lib/bcprov-jdk15on-1.60.jar:/usr/local/hadoop/share/hadoop/yarn/lib/websocket-client-9.4.43.v20210629.jar:/usr/local/hadoop/share/hadoop/yarn/lib/websocket-common-9.4.43.v20210629.jar:/usr/local/hadoop/share/hadoop/yarn/lib/fst-2.50.jar:/usr/local/hadoop/share/hadoop/yarn/lib/jetty-plus-9.4.43.v20210629.jar:/usr/local/hadoop/share/hadoop/yarn/lib/snakeyaml-1.26.jar:/usr/local/hadoop/share/hadoop/yarn/lib/javax.inject-1.jar:/usr/local/hadoop/share/hadoop/yarn/lib/mssql-jdbc-6.2.1.jre7.jar:/usr/local/hadoop/share/hadoop/yarn/lib/asm-tree-9.1.jar:/usr/local/hadoop/share/hadoop/yarn/lib/java-util-1.9.0.jar:/usr/local/hadoop/share/hadoop/yarn/lib/websocket-api-9.4.43.v20210629.jar:/usr/local/hadoop/share/hadoop/yarn/lib/jackson-jaxrs-base-2.13.2.jar:/usr/local/hadoop/share/hadoop/yarn/lib/javax.websocket-client-api-1.0.jar:/usr/local/hadoop/share/hadoop/yarn/lib/jersey-client-1.19.jar:/usr/local/hadoop/share/hadoop/yarn/lib/javax-websocket-server-impl-9.4.43.v20210629.jar:/usr/local/hadoop/share/hadoop/yarn/lib/swagger-annotations-1.5.4.jar:/usr/local/hadoop/share/hadoop/yarn/lib/jersey-guice-1.19.jar:/usr/local/hadoop/share/hadoop/yarn/lib/guice-4.0.jar:/usr/local/hadoop/share/hadoop/yarn/lib/jline-3.9.0.jar:/usr/local/hadoop/share/hadoop/yarn/lib/javax-websocket-client-impl-9.4.43.v20210629.jar:/usr/local/hadoop/share/hadoop/yarn/lib/javax.ws.rs-api-2.1.1.jar:/usr/local/hadoop/share/hadoop/yarn/hadoop-yarn-server-applicationhistoryservice-3.3.3.jar:/usr/local/hadoop/share/hadoop/yarn/hadoop-yarn-api-3.3.3.jar:/usr/local/hadoop/share/hadoop/yarn/hadoop-yarn-applications-unmanaged-am-launcher-3.3.3.jar:/usr/local/hadoop/share/hadoop/yarn/hadoop-yarn-client-3.3.3.jar:/usr/local/hadoop/share/hadoop/yarn/hadoop-yarn-server-sharedcachemanager-3.3.3.jar:/usr/local/hadoop/share/hadoop/yarn/hadoop-yarn-server-resourcemanager-3.3.3.jar:/usr/local/hadoop/share/hadoop/yarn/hadoop-yarn-server-common-3.3.3.jar:/usr/local/hadoop/share/hadoop/yarn/hadoop-yarn-services-api-3.3.3.jar:/usr/local/hadoop/share/hadoop/yarn/hadoop-yarn-server-router-3.3.3.jar:/usr/local/hadoop/share/hadoop/yarn/hadoop-yarn-common-3.3.3.jar:/usr/local/hadoop/share/hadoop/yarn/hadoop-yarn-applications-mawo-core-3.3.3.jar:/usr/local/hadoop/share/hadoop/yarn/hadoop-yarn-applications-distributedshell-3.3.3.jar:/usr/local/hadoop/share/hadoop/yarn/hadoop-yarn-server-nodemanager-3.3.3.jar:/usr/local/hadoop/share/hadoop/yarn/hadoop-yarn-server-tests-3.3.3.jar:/usr/local/hadoop/share/hadoop/yarn/hadoop-yarn-services-core-3.3.3.jar:/usr/local/hadoop/share/hadoop/yarn/hadoop-yarn-registry-3.3.3.jar:/usr/local/hadoop/share/hadoop/yarn/hadoop-yarn-server-timeline-pluginstorage-3.3.3.jar:/usr/local/hadoop/share/hadoop/yarn/hadoop-yarn-server-web-proxy-3.3.3.jar:/usr/local/hadoop/share/hadoop/yarn/timelineservice/hadoop-yarn-server-timelineservice-hbase-common-3.3.3.jar:/usr/local/hadoop/share/hadoop/yarn/timelineservice/hadoop-yarn-server-timelineservice-documentstore-3.3.3.jar:/usr/local/hadoop/share/hadoop/yarn/timelineservice/hadoop-yarn-server-timelineservice-hbase-coprocessor-3.3.3.jar:/usr/local/hadoop/share/hadoop/yarn/timelineservice/hadoop-yarn-server-timelineservice-3.3.3.jar:/usr/local/hadoop/share/hadoop/yarn/timelineservice/hadoop-yarn-server-timelineservice-hbase-client-3.3.3.jar:/usr/local/hadoop/share/hadoop/yarn/timelineservice/lib/rxjava-extras-0.8.0.17.jar:/usr/local/hadoop/share/hadoop/yarn/timelineservice/lib/htrace-core-3.1.0-incubating.jar:/usr/local/hadoop/share/hadoop/yarn/timelineservice/lib/commons-lang-2.6.jar:/usr/local/hadoop/share/hadoop/yarn/timelineservice/lib/metrics-core-2.2.0.jar:/usr/local/hadoop/share/hadoop/yarn/timelineservice/lib/hbase-client-1.4.8.jar:/usr/local/hadoop/share/hadoop/yarn/timelineservice/lib/jcodings-1.0.13.jar:/usr/local/hadoop/share/hadoop/yarn/timelineservice/lib/hbase-annotations-1.4.8.jar:/usr/local/hadoop/share/hadoop/yarn/timelineservice/lib/azure-cosmosdb-2.4.5.jar:/usr/local/hadoop/share/hadoop/yarn/timelineservice/lib/hbase-common-1.4.8.jar:/usr/local/hadoop/share/hadoop/yarn/timelineservice/lib/commons-csv-1.0.jar:/usr/local/hadoop/share/hadoop/yarn/timelineservice/lib/rxnetty-0.4.20.jar:/usr/local/hadoop/share/hadoop/yarn/timelineservice/lib/hbase-protocol-1.4.8.jar:/usr/local/hadoop/share/hadoop/yarn/timelineservice/lib/rxjava-1.3.8.jar:/usr/local/hadoop/share/hadoop/yarn/timelineservice/lib/rxjava-string-1.1.1.jar:/usr/local/hadoop/share/hadoop/yarn/timelineservice/lib/commons-digester-1.8.1.jar:/usr/local/hadoop/share/hadoop/yarn/timelineservice/lib/azure-cosmosdb-direct-2.4.5.jar:/usr/local/hadoop/share/hadoop/yarn/timelineservice/lib/azure-cosmosdb-commons-2.4.5.jar:/usr/local/hadoop/share/hadoop/yarn/timelineservice/lib/joni-2.1.2.jar:/usr/local/hadoop/share/hadoop/yarn/timelineservice/lib/commons-validator-1.6.jar:/usr/local/hadoop/share/hadoop/yarn/timelineservice/lib/java-uuid-generator-3.1.4.jar:/usr/local/hadoop/share/hadoop/yarn/timelineservice/lib/azure-cosmosdb-gateway-2.4.5.jar:/usr/local/hadoop/share/hadoop/yarn/timelineservice/lib/commons-collections4-4.2.jar
STARTUP_MSG:   build = https://github.com/apache/hadoop.git -r d37586cbda38c338d9fe481addda5a05fb516f71; compiled by 'stevel' on 2022-05-09T16:36Z
STARTUP_MSG:   java = 11.0.15
************************************************************/
2022-07-16 01:02:27,994 INFO org.apache.hadoop.yarn.server.resourcemanager.ResourceManager: registered UNIX signal handlers for [TERM, HUP, INT]
2022-07-16 01:02:28,455 WARN org.apache.hadoop.util.NativeCodeLoader: Unable to load native-hadoop library for your platform... using builtin-java classes where applicable
2022-07-16 01:02:28,750 INFO org.apache.hadoop.yarn.server.resourcemanager.RMNMInfo: Registered RMInfo MBean
2022-07-16 01:02:28,784 INFO org.apache.hadoop.conf.Configuration: found resource core-site.xml at file:/usr/local/hadoop/etc/hadoop/core-site.xml
2022-07-16 01:02:28,903 INFO org.apache.hadoop.conf.Configuration: resource-types.xml not found
2022-07-16 01:02:28,903 INFO org.apache.hadoop.yarn.util.resource.ResourceUtils: Unable to find 'resource-types.xml'.
2022-07-16 01:02:28,991 INFO org.apache.hadoop.conf.Configuration: found resource yarn-site.xml at file:/usr/local/hadoop/etc/hadoop/yarn-site.xml
2022-07-16 01:02:29,014 INFO org.apache.hadoop.yarn.metrics.GenericEventTypeMetrics: Registering GenericEventTypeMetrics
2022-07-16 01:02:29,018 INFO org.apache.hadoop.yarn.event.AsyncDispatcher: Registering class org.apache.hadoop.yarn.server.resourcemanager.RMFatalEventType for class org.apache.hadoop.yarn.server.resourcemanager.ResourceManager$RMFatalEventDispatcher
2022-07-16 01:02:29,140 INFO org.apache.hadoop.yarn.server.resourcemanager.security.NMTokenSecretManagerInRM: NMTokenKeyRollingInterval: 86400000ms and NMTokenKeyActivationDelay: 900000ms
2022-07-16 01:02:29,148 INFO org.apache.hadoop.yarn.server.resourcemanager.security.RMContainerTokenSecretManager: ContainerTokenKeyRollingInterval: 86400000ms and ContainerTokenKeyActivationDelay: 900000ms
2022-07-16 01:02:29,157 INFO org.apache.hadoop.yarn.server.resourcemanager.security.AMRMTokenSecretManager: AMRMTokenKeyRollingInterval: 86400000ms and AMRMTokenKeyActivationDelay: 900000 ms
2022-07-16 01:02:29,281 INFO org.apache.hadoop.yarn.event.AsyncDispatcher: Registering class org.apache.hadoop.yarn.server.resourcemanager.recovery.RMStateStoreEventType for class org.apache.hadoop.yarn.server.resourcemanager.recovery.RMStateStore$ForwardingEventHandler
2022-07-16 01:02:29,288 INFO org.apache.hadoop.yarn.event.AsyncDispatcher: Registering class org.apache.hadoop.yarn.server.resourcemanager.NodesListManagerEventType for class org.apache.hadoop.yarn.server.resourcemanager.NodesListManager
2022-07-16 01:02:29,288 INFO org.apache.hadoop.yarn.server.resourcemanager.ResourceManager: Using Scheduler: org.apache.hadoop.yarn.server.resourcemanager.scheduler.capacity.CapacityScheduler
2022-07-16 01:02:29,478 INFO org.apache.hadoop.yarn.event.AsyncDispatcher: Registering class org.apache.hadoop.yarn.server.resourcemanager.scheduler.event.SchedulerEventType for class org.apache.hadoop.yarn.server.resourcemanager.ResourceManager$SchedulerEventDispatcher
2022-07-16 01:02:29,479 INFO org.apache.hadoop.yarn.event.AsyncDispatcher: Registering class org.apache.hadoop.yarn.server.resourcemanager.rmapp.RMAppEventType for class org.apache.hadoop.yarn.server.resourcemanager.ResourceManager$ApplicationEventDispatcher
2022-07-16 01:02:29,490 INFO org.apache.hadoop.yarn.event.AsyncDispatcher: Registering class org.apache.hadoop.yarn.server.resourcemanager.rmapp.attempt.RMAppAttemptEventType for class org.apache.hadoop.yarn.server.resourcemanager.ResourceManager$ApplicationAttemptEventDispatcher
2022-07-16 01:02:29,493 INFO org.apache.hadoop.yarn.event.AsyncDispatcher: Registering class org.apache.hadoop.yarn.server.resourcemanager.rmnode.RMNodeEventType for class org.apache.hadoop.yarn.server.resourcemanager.ResourceManager$NodeEventDispatcher
2022-07-16 01:02:29,675 INFO org.apache.hadoop.metrics2.impl.MetricsConfig: Loaded properties from hadoop-metrics2.properties
2022-07-16 01:02:29,715 INFO org.apache.hadoop.metrics2.impl.MetricsSystemImpl: Scheduled Metric snapshot period at 10 second(s).
2022-07-16 01:02:29,715 INFO org.apache.hadoop.metrics2.impl.MetricsSystemImpl: ResourceManager metrics system started
2022-07-16 01:02:29,770 INFO org.apache.hadoop.yarn.security.YarnAuthorizationProvider: org.apache.hadoop.yarn.security.ConfiguredYarnAuthorizer is instantiated.
2022-07-16 01:02:29,779 INFO org.apache.hadoop.yarn.event.AsyncDispatcher: Registering class org.apache.hadoop.yarn.server.resourcemanager.RMAppManagerEventType for class org.apache.hadoop.yarn.server.resourcemanager.RMAppManager
2022-07-16 01:02:29,801 INFO org.apache.hadoop.yarn.event.AsyncDispatcher: Registering class org.apache.hadoop.yarn.server.resourcemanager.amlauncher.AMLauncherEventType for class org.apache.hadoop.yarn.server.resourcemanager.amlauncher.ApplicationMasterLauncher
2022-07-16 01:02:30,931 INFO org.apache.hadoop.yarn.server.resourcemanager.RMNMInfo: Registered RMNMInfo MBean
2022-07-16 01:02:30,931 INFO org.apache.hadoop.yarn.server.resourcemanager.rmapp.monitor.RMAppLifetimeMonitor: Application lifelime monitor interval set to 3000 ms.
2022-07-16 01:02:30,962 INFO org.apache.hadoop.yarn.server.resourcemanager.scheduler.placement.MultiNodeSortingManager: Initializing NodeSortingService=MultiNodeSortingManager
2022-07-16 01:02:30,965 INFO org.apache.hadoop.util.HostsFileReader: Refreshing hosts (include/exclude) list
2022-07-16 01:02:31,000 INFO org.apache.hadoop.conf.Configuration: found resource capacity-scheduler.xml at file:/usr/local/hadoop/etc/hadoop/capacity-scheduler.xml
2022-07-16 01:02:31,019 INFO org.apache.hadoop.yarn.server.resourcemanager.scheduler.AbstractYarnScheduler: Minimum allocation = <memory:1024, vCores:1>
2022-07-16 01:02:31,023 INFO org.apache.hadoop.yarn.server.resourcemanager.scheduler.AbstractYarnScheduler: Maximum allocation = <memory:8192, vCores:4>
2022-07-16 01:02:31,228 INFO org.apache.hadoop.yarn.server.resourcemanager.scheduler.capacity.ParentQueue: root, capacity=1.0, absoluteCapacity=1.0, maxCapacity=1.0, absoluteMaxCapacity=1.0, state=RUNNING, acls=SUBMIT_APP:*ADMINISTER_QUEUE:*, labels=*,
, reservationsContinueLooking=true, orderingPolicy=utilization, priority=0
2022-07-16 01:02:31,229 INFO org.apache.hadoop.yarn.server.resourcemanager.scheduler.capacity.ParentQueue: Initialized parent-queue root name=root, fullname=root
2022-07-16 01:02:31,298 INFO org.apache.hadoop.yarn.server.resourcemanager.scheduler.capacity.LeafQueue: Initializing root.default
capacity = 1.0 [= (float) configuredCapacity / 100 ]
absoluteCapacity = 1.0 [= parentAbsoluteCapacity * capacity ]
maxCapacity = 1.0 [= configuredMaxCapacity ]
absoluteMaxCapacity = 1.0 [= 1.0 maximumCapacity undefined, (parentAbsoluteMaxCapacity * maximumCapacity) / 100 otherwise ]
effectiveMinResource=<memory:0, vCores:0>
 , effectiveMaxResource=<memory:0, vCores:0>
userLimit = 100 [= configuredUserLimit ]
userLimitFactor = 1.0 [= configuredUserLimitFactor ]
maxApplications = 10000 [= configuredMaximumSystemApplicationsPerQueue or (int)(configuredMaximumSystemApplications * absoluteCapacity)]
maxApplicationsPerUser = 10000 [= (int)(maxApplications * (userLimit / 100.0f) * userLimitFactor) ]
maxParallelApps = 2147483647
usedCapacity = 0.0 [= usedResourcesMemory / (clusterResourceMemory * absoluteCapacity)]
absoluteUsedCapacity = 0.0 [= usedResourcesMemory / clusterResourceMemory]
maxAMResourcePerQueuePercent = 0.1 [= configuredMaximumAMResourcePercent ]
minimumAllocationFactor = 0.875 [= (float)(maximumAllocationMemory - minimumAllocationMemory) / maximumAllocationMemory ]
maximumAllocation = <memory:8192, vCores:4> [= configuredMaxAllocation ]
numContainers = 0 [= currentNumContainers ]
state = RUNNING [= configuredState ]
acls = SUBMIT_APP:*ADMINISTER_QUEUE:* [= configuredAcls ]
nodeLocalityDelay = 40
rackLocalityAdditionalDelay = -1
labels=*,
reservationsContinueLooking = true
preemptionDisabled = true
defaultAppPriorityPerQueue = 0
priority = 0
maxLifetime = -1 seconds
defaultLifetime = -1 seconds
2022-07-16 01:02:31,298 INFO org.apache.hadoop.yarn.server.resourcemanager.scheduler.capacity.CapacitySchedulerQueueManager: Initialized queue: root.default
2022-07-16 01:02:31,299 INFO org.apache.hadoop.yarn.server.resourcemanager.scheduler.capacity.CapacitySchedulerQueueManager: Initialized queue: root
2022-07-16 01:02:31,303 INFO org.apache.hadoop.yarn.server.resourcemanager.scheduler.capacity.CapacitySchedulerQueueManager: Initialized root queue root: numChildQueue= 1, capacity=1.0, absoluteCapacity=1.0, usedResources=<memory:0, vCores:0>usedCapacity=0.0, numApps=0, numContainers=0
2022-07-16 01:02:31,303 INFO org.apache.hadoop.yarn.server.resourcemanager.placement.UserGroupMappingPlacementRule: Initialized queue mappings, override: false
2022-07-16 01:02:31,304 INFO org.apache.hadoop.yarn.server.resourcemanager.scheduler.capacity.WorkflowPriorityMappingsManager: Initialized workflow priority mappings, override: false
2022-07-16 01:02:31,305 INFO org.apache.hadoop.yarn.server.resourcemanager.scheduler.placement.MultiNodeSortingManager: MultiNode scheduling is 'false', and configured policies are 
2022-07-16 01:02:31,305 INFO org.apache.hadoop.yarn.server.resourcemanager.scheduler.capacity.CapacityScheduler: Initialized CapacityScheduler with calculator=class org.apache.hadoop.yarn.util.resource.DefaultResourceCalculator, minimumAllocation=<<memory:1024, vCores:1>>, maximumAllocation=<<memory:8192, vCores:4>>, asynchronousScheduling=false, asyncScheduleInterval=5ms,multiNodePlacementEnabled=false, assignMultipleEnabled=true, maxAssignPerHeartbeat=100, offswitchPerHeartbeatLimit=1
2022-07-16 01:02:31,326 INFO org.apache.hadoop.conf.Configuration: dynamic-resources.xml not found
2022-07-16 01:02:31,343 INFO org.apache.hadoop.yarn.server.resourcemanager.AMSProcessingChain: Initializing AMS Processing chain. Root Processor=[org.apache.hadoop.yarn.server.resourcemanager.DefaultAMSProcessor].
2022-07-16 01:02:31,343 INFO org.apache.hadoop.yarn.server.resourcemanager.ApplicationMasterService: disabled placement handler will be used, all scheduling requests will be rejected.
2022-07-16 01:02:31,346 INFO org.apache.hadoop.yarn.server.resourcemanager.AMSProcessingChain: Adding [org.apache.hadoop.yarn.server.resourcemanager.scheduler.constraint.processor.DisabledPlacementProcessor] tp top of AMS Processing chain. 
2022-07-16 01:02:31,367 INFO org.apache.hadoop.yarn.server.resourcemanager.ResourceManager: TimelineServicePublisher is not configured
2022-07-16 01:02:31,489 INFO org.eclipse.jetty.util.log: Logging initialized @4539ms to org.eclipse.jetty.util.log.Slf4jLog
2022-07-16 01:02:31,751 WARN org.apache.hadoop.security.authentication.server.AuthenticationFilter: Unable to initialize FileSignerSecretProvider, falling back to use random secrets. Reason: Could not read signature secret file: /home/hduser/hadoop-http-auth-signature-secret
2022-07-16 01:02:31,766 INFO org.apache.hadoop.http.HttpRequestLog: Http request log for http.requests.resourcemanager is not defined
2022-07-16 01:02:31,782 INFO org.apache.hadoop.http.HttpServer2: Added global filter 'safety' (class=org.apache.hadoop.http.HttpServer2$QuotingInputFilter)
2022-07-16 01:02:31,804 INFO org.apache.hadoop.http.HttpServer2: Added filter RMAuthenticationFilter (class=org.apache.hadoop.yarn.server.security.http.RMAuthenticationFilter) to context cluster
2022-07-16 01:02:31,804 INFO org.apache.hadoop.http.HttpServer2: Added filter RMAuthenticationFilter (class=org.apache.hadoop.yarn.server.security.http.RMAuthenticationFilter) to context logs
2022-07-16 01:02:31,804 INFO org.apache.hadoop.http.HttpServer2: Added filter RMAuthenticationFilter (class=org.apache.hadoop.yarn.server.security.http.RMAuthenticationFilter) to context static
2022-07-16 01:02:31,805 INFO org.apache.hadoop.http.HttpServer2: Added filter static_user_filter (class=org.apache.hadoop.http.lib.StaticUserWebFilter$StaticUserFilter) to context cluster
2022-07-16 01:02:31,805 INFO org.apache.hadoop.http.HttpServer2: Added filter static_user_filter (class=org.apache.hadoop.http.lib.StaticUserWebFilter$StaticUserFilter) to context logs
2022-07-16 01:02:31,806 INFO org.apache.hadoop.http.HttpServer2: Added filter static_user_filter (class=org.apache.hadoop.http.lib.StaticUserWebFilter$StaticUserFilter) to context static
2022-07-16 01:02:33,842 INFO org.apache.hadoop.yarn.webapp.WebApps: Registered webapp guice modules
2022-07-16 01:02:33,907 INFO org.apache.hadoop.http.HttpServer2: Jetty bound to port 8088
2022-07-16 01:02:33,910 INFO org.eclipse.jetty.server.Server: jetty-9.4.43.v20210629; built: 2021-06-30T11:07:22.254Z; git: 526006ecfa3af7f1a27ef3a288e2bef7ea9dd7e8; jvm 11.0.15+10-Ubuntu-0ubuntu0.18.04.1
2022-07-16 01:02:34,110 INFO org.eclipse.jetty.server.session: DefaultSessionIdManager workerName=node0
2022-07-16 01:02:34,110 INFO org.eclipse.jetty.server.session: No SessionScavenger set, using defaults
2022-07-16 01:02:34,112 INFO org.eclipse.jetty.server.session: node0 Scavenging every 600000ms
2022-07-16 01:02:34,197 WARN org.apache.hadoop.security.authentication.server.AuthenticationFilter: Unable to initialize FileSignerSecretProvider, falling back to use random secrets. Reason: Could not read signature secret file: /home/hduser/hadoop-http-auth-signature-secret
2022-07-16 01:02:34,241 INFO org.apache.hadoop.security.token.delegation.AbstractDelegationTokenSecretManager: Updating the current master key for generating delegation tokens
2022-07-16 01:02:34,263 INFO org.apache.hadoop.security.token.delegation.AbstractDelegationTokenSecretManager: Starting expired delegation token remover thread, tokenRemoverScanInterval=60 min(s)
2022-07-16 01:02:34,272 INFO org.apache.hadoop.security.token.delegation.AbstractDelegationTokenSecretManager: Updating the current master key for generating delegation tokens
2022-07-16 01:02:34,342 INFO org.eclipse.jetty.server.handler.ContextHandler: Started o.e.j.s.ServletContextHandler@109f5dd8{logs,/logs,file:///usr/local/hadoop/logs/,AVAILABLE}
2022-07-16 01:02:34,352 INFO org.eclipse.jetty.server.handler.ContextHandler: Started o.e.j.s.ServletContextHandler@194152cf{static,/static,jar:file:/usr/local/hadoop/share/hadoop/yarn/hadoop-yarn-common-3.3.3.jar!/webapps/static,AVAILABLE}
2022-07-16 01:02:38,834 INFO org.eclipse.jetty.server.handler.ContextHandler: Started o.e.j.w.WebAppContext@1653b84e{cluster,/,file:///tmp/jetty-0_0_0_0-8088-hadoop-yarn-common-3_3_3_jar-_-any-9368979593205655312/webapp/,AVAILABLE}{jar:file:/usr/local/hadoop/share/hadoop/yarn/hadoop-yarn-common-3.3.3.jar!/webapps/cluster}
2022-07-16 01:02:38,857 INFO org.eclipse.jetty.server.AbstractConnector: Started ServerConnector@138a7441{HTTP/1.1, (http/1.1)}{0.0.0.0:8088}
2022-07-16 01:02:38,857 INFO org.eclipse.jetty.server.Server: Started @11907ms
2022-07-16 01:02:38,858 INFO org.apache.hadoop.yarn.webapp.WebApps: Web app cluster started at 8088
2022-07-16 01:02:39,051 INFO org.apache.hadoop.ipc.CallQueueManager: Using callQueue: class java.util.concurrent.LinkedBlockingQueue, queueCapacity: 100, scheduler: class org.apache.hadoop.ipc.DefaultRpcScheduler, ipcBackoff: false.
2022-07-16 01:02:39,080 INFO org.apache.hadoop.ipc.Server: Starting Socket Reader #1 for port 8033
2022-07-16 01:02:39,533 INFO org.apache.hadoop.yarn.factories.impl.pb.RpcServerFactoryPBImpl: Adding protocol org.apache.hadoop.yarn.server.api.ResourceManagerAdministrationProtocolPB to the server
2022-07-16 01:02:39,534 INFO org.apache.hadoop.ipc.Server: IPC Server Responder: starting
2022-07-16 01:02:39,557 INFO org.apache.hadoop.ipc.Server: IPC Server listener on 8033: starting
2022-07-16 01:02:39,560 INFO org.apache.hadoop.yarn.server.resourcemanager.ResourceManager: Transitioning to active state
2022-07-16 01:02:39,607 INFO org.apache.hadoop.yarn.server.resourcemanager.recovery.RMStateStore: Updating AMRMToken
2022-07-16 01:02:39,611 INFO org.apache.hadoop.yarn.server.resourcemanager.security.RMContainerTokenSecretManager: Rolling master-key for container-tokens
2022-07-16 01:02:39,612 INFO org.apache.hadoop.yarn.server.resourcemanager.security.NMTokenSecretManagerInRM: Rolling master-key for nm-tokens
2022-07-16 01:02:39,612 INFO org.apache.hadoop.security.token.delegation.AbstractDelegationTokenSecretManager: Updating the current master key for generating delegation tokens
2022-07-16 01:02:39,612 INFO org.apache.hadoop.yarn.server.resourcemanager.security.RMDelegationTokenSecretManager: storing master key with keyID 1
2022-07-16 01:02:39,612 INFO org.apache.hadoop.yarn.server.resourcemanager.recovery.RMStateStore: Storing RMDTMasterKey.
2022-07-16 01:02:39,623 INFO org.apache.hadoop.security.token.delegation.AbstractDelegationTokenSecretManager: Starting expired delegation token remover thread, tokenRemoverScanInterval=60 min(s)
2022-07-16 01:02:39,672 INFO org.apache.hadoop.yarn.event.AsyncDispatcher: Registering class org.apache.hadoop.yarn.nodelabels.event.NodeLabelsStoreEventType for class org.apache.hadoop.yarn.nodelabels.CommonNodeLabelsManager$ForwardingEventHandler
2022-07-16 01:02:39,692 INFO org.apache.hadoop.security.token.delegation.AbstractDelegationTokenSecretManager: Updating the current master key for generating delegation tokens
2022-07-16 01:02:39,696 INFO org.apache.hadoop.yarn.server.resourcemanager.security.RMDelegationTokenSecretManager: storing master key with keyID 2
2022-07-16 01:02:39,697 INFO org.apache.hadoop.yarn.server.resourcemanager.recovery.RMStateStore: Storing RMDTMasterKey.
2022-07-16 01:02:40,019 INFO org.apache.hadoop.yarn.nodelabels.store.AbstractFSNodeStore: Created store directory :file:/tmp/hadoop-yarn-hduser/node-attribute
2022-07-16 01:02:40,115 INFO org.apache.hadoop.yarn.nodelabels.store.AbstractFSNodeStore: Finished write mirror at:file:/tmp/hadoop-yarn-hduser/node-attribute/nodeattribute.mirror
2022-07-16 01:02:40,115 INFO org.apache.hadoop.yarn.nodelabels.store.AbstractFSNodeStore: Finished create editlog file at:file:/tmp/hadoop-yarn-hduser/node-attribute/nodeattribute.editlog
2022-07-16 01:02:40,198 INFO org.apache.hadoop.yarn.event.AsyncDispatcher: Registering class org.apache.hadoop.yarn.server.resourcemanager.nodelabels.NodeAttributesStoreEventType for class org.apache.hadoop.yarn.server.resourcemanager.nodelabels.NodeAttributesManagerImpl$ForwardingEventHandler
2022-07-16 01:02:40,207 INFO org.apache.hadoop.yarn.server.resourcemanager.scheduler.placement.MultiNodeSortingManager: Starting NodeSortingService=MultiNodeSortingManager
2022-07-16 01:02:40,279 INFO org.apache.hadoop.ipc.CallQueueManager: Using callQueue: class java.util.concurrent.LinkedBlockingQueue, queueCapacity: 5000, scheduler: class org.apache.hadoop.ipc.DefaultRpcScheduler, ipcBackoff: false.
2022-07-16 01:02:40,293 INFO org.apache.hadoop.ipc.Server: Starting Socket Reader #1 for port 8031
2022-07-16 01:02:40,308 INFO org.apache.hadoop.yarn.factories.impl.pb.RpcServerFactoryPBImpl: Adding protocol org.apache.hadoop.yarn.server.api.ResourceTrackerPB to the server
2022-07-16 01:02:40,314 INFO org.apache.hadoop.ipc.Server: IPC Server Responder: starting
2022-07-16 01:02:40,324 INFO org.apache.hadoop.ipc.Server: IPC Server listener on 8031: starting
2022-07-16 01:02:40,499 INFO org.apache.hadoop.util.JvmPauseMonitor: Starting JVM pause monitor
2022-07-16 01:02:40,522 INFO org.apache.hadoop.ipc.CallQueueManager: Using callQueue: class java.util.concurrent.LinkedBlockingQueue, queueCapacity: 5000, scheduler: class org.apache.hadoop.ipc.DefaultRpcScheduler, ipcBackoff: false.
2022-07-16 01:02:40,539 INFO org.apache.hadoop.ipc.Server: Starting Socket Reader #1 for port 8030
2022-07-16 01:02:40,623 INFO org.apache.hadoop.yarn.factories.impl.pb.RpcServerFactoryPBImpl: Adding protocol org.apache.hadoop.yarn.api.ApplicationMasterProtocolPB to the server
2022-07-16 01:02:40,629 INFO org.apache.hadoop.ipc.Server: IPC Server Responder: starting
2022-07-16 01:02:40,755 INFO org.apache.hadoop.ipc.Server: IPC Server listener on 8030: starting
2022-07-16 01:02:41,226 INFO org.apache.hadoop.ipc.CallQueueManager: Using callQueue: class java.util.concurrent.LinkedBlockingQueue, queueCapacity: 5000, scheduler: class org.apache.hadoop.ipc.DefaultRpcScheduler, ipcBackoff: false.
2022-07-16 01:02:41,235 INFO org.apache.hadoop.ipc.Server: Starting Socket Reader #1 for port 8032
2022-07-16 01:02:41,254 INFO org.apache.hadoop.yarn.factories.impl.pb.RpcServerFactoryPBImpl: Adding protocol org.apache.hadoop.yarn.api.ApplicationClientProtocolPB to the server
2022-07-16 01:02:41,267 INFO org.apache.hadoop.ipc.Server: IPC Server Responder: starting
2022-07-16 01:02:41,275 INFO org.apache.hadoop.ipc.Server: IPC Server listener on 8032: starting
2022-07-16 01:02:43,341 INFO org.apache.hadoop.yarn.server.webproxy.ProxyCA: Created Certificate for OU=YARN-c6761f30-d84c-4cf8-b5dc-77d1429c2cb6
2022-07-16 01:02:43,407 INFO org.apache.hadoop.yarn.server.resourcemanager.rmnode.RMNodeImpl: ubuntu.c.apache-hadoop-356421.internal:38483 Node Transitioned from NEW to RUNNING
2022-07-16 01:02:43,427 INFO org.apache.hadoop.yarn.server.resourcemanager.ResourceTrackerService: NodeManager from node ubuntu.c.apache-hadoop-356421.internal(cmPort: 38483 httpPort: 8042) registered with capability: <memory:8192, vCores:8>, assigned nodeId ubuntu.c.apache-hadoop-356421.internal:38483
2022-07-16 01:02:43,532 INFO org.apache.hadoop.yarn.server.resourcemanager.scheduler.capacity.CapacityScheduler: Added node ubuntu.c.apache-hadoop-356421.internal:38483 clusterResource: <memory:8192, vCores:8>
2022-07-16 01:02:43,624 INFO org.apache.hadoop.yarn.server.resourcemanager.recovery.RMStateStore: Storing CA Certificate and Private Key
2022-07-16 01:02:43,624 INFO org.apache.hadoop.yarn.server.resourcemanager.ResourceManager: Transitioned to active state
2022-07-16 01:12:40,215 INFO org.apache.hadoop.yarn.server.resourcemanager.scheduler.AbstractYarnScheduler: Release request cache is cleaned up
