2022-07-16 01:02:07,350 INFO org.apache.hadoop.hdfs.server.namenode.NameNode: STARTUP_MSG: 
/************************************************************
STARTUP_MSG: Starting NameNode
STARTUP_MSG:   host = ubuntu/10.128.0.3
STARTUP_MSG:   args = []
STARTUP_MSG:   version = 3.3.3
STARTUP_MSG:   classpath = /usr/local/hadoop/etc/hadoop:/usr/local/hadoop/share/hadoop/common/lib/jsr305-3.0.2.jar:/usr/local/hadoop/share/hadoop/common/lib/jettison-1.1.jar:/usr/local/hadoop/share/hadoop/common/lib/httpcore-4.4.13.jar:/usr/local/hadoop/share/hadoop/common/lib/jsch-0.1.55.jar:/usr/local/hadoop/share/hadoop/common/lib/kerb-common-1.0.1.jar:/usr/local/hadoop/share/hadoop/common/lib/json-smart-2.4.7.jar:/usr/local/hadoop/share/hadoop/common/lib/commons-cli-1.2.jar:/usr/local/hadoop/share/hadoop/common/lib/avro-1.7.7.jar:/usr/local/hadoop/share/hadoop/common/lib/guava-27.0-jre.jar:/usr/local/hadoop/share/hadoop/common/lib/token-provider-1.0.1.jar:/usr/local/hadoop/share/hadoop/common/lib/jetty-security-9.4.43.v20210629.jar:/usr/local/hadoop/share/hadoop/common/lib/commons-net-3.6.jar:/usr/local/hadoop/share/hadoop/common/lib/kerb-crypto-1.0.1.jar:/usr/local/hadoop/share/hadoop/common/lib/jetty-server-9.4.43.v20210629.jar:/usr/local/hadoop/share/hadoop/common/lib/javax.servlet-api-3.1.0.jar:/usr/local/hadoop/share/hadoop/common/lib/commons-codec-1.15.jar:/usr/local/hadoop/share/hadoop/common/lib/commons-configuration2-2.1.1.jar:/usr/local/hadoop/share/hadoop/common/lib/jersey-server-1.19.jar:/usr/local/hadoop/share/hadoop/common/lib/jetty-util-ajax-9.4.43.v20210629.jar:/usr/local/hadoop/share/hadoop/common/lib/commons-daemon-1.0.13.jar:/usr/local/hadoop/share/hadoop/common/lib/asm-5.0.4.jar:/usr/local/hadoop/share/hadoop/common/lib/paranamer-2.3.jar:/usr/local/hadoop/share/hadoop/common/lib/jetty-http-9.4.43.v20210629.jar:/usr/local/hadoop/share/hadoop/common/lib/kerb-client-1.0.1.jar:/usr/local/hadoop/share/hadoop/common/lib/jul-to-slf4j-1.7.36.jar:/usr/local/hadoop/share/hadoop/common/lib/kerb-util-1.0.1.jar:/usr/local/hadoop/share/hadoop/common/lib/jackson-mapper-asl-1.9.13.jar:/usr/local/hadoop/share/hadoop/common/lib/woodstox-core-5.3.0.jar:/usr/local/hadoop/share/hadoop/common/lib/re2j-1.1.jar:/usr/local/hadoop/share/hadoop/common/lib/jackson-jaxrs-1.9.13.jar:/usr/local/hadoop/share/hadoop/common/lib/netty-3.10.6.Final.jar:/usr/local/hadoop/share/hadoop/common/lib/zookeeper-jute-3.5.6.jar:/usr/local/hadoop/share/hadoop/common/lib/metrics-core-3.2.4.jar:/usr/local/hadoop/share/hadoop/common/lib/jetty-webapp-9.4.43.v20210629.jar:/usr/local/hadoop/share/hadoop/common/lib/slf4j-api-1.7.36.jar:/usr/local/hadoop/share/hadoop/common/lib/jetty-xml-9.4.43.v20210629.jar:/usr/local/hadoop/share/hadoop/common/lib/kerby-asn1-1.0.1.jar:/usr/local/hadoop/share/hadoop/common/lib/jetty-servlet-9.4.43.v20210629.jar:/usr/local/hadoop/share/hadoop/common/lib/commons-compress-1.21.jar:/usr/local/hadoop/share/hadoop/common/lib/animal-sniffer-annotations-1.17.jar:/usr/local/hadoop/share/hadoop/common/lib/commons-math3-3.1.1.jar:/usr/local/hadoop/share/hadoop/common/lib/checker-qual-2.5.2.jar:/usr/local/hadoop/share/hadoop/common/lib/j2objc-annotations-1.1.jar:/usr/local/hadoop/share/hadoop/common/lib/hadoop-shaded-guava-1.1.1.jar:/usr/local/hadoop/share/hadoop/common/lib/jsp-api-2.1.jar:/usr/local/hadoop/share/hadoop/common/lib/jaxb-api-2.2.11.jar:/usr/local/hadoop/share/hadoop/common/lib/jackson-core-2.13.2.jar:/usr/local/hadoop/share/hadoop/common/lib/jersey-json-1.19.jar:/usr/local/hadoop/share/hadoop/common/lib/hadoop-auth-3.3.3.jar:/usr/local/hadoop/share/hadoop/common/lib/audience-annotations-0.5.0.jar:/usr/local/hadoop/share/hadoop/common/lib/curator-recipes-4.2.0.jar:/usr/local/hadoop/share/hadoop/common/lib/reload4j-1.2.18.3.jar:/usr/local/hadoop/share/hadoop/common/lib/jackson-core-asl-1.9.13.jar:/usr/local/hadoop/share/hadoop/common/lib/jakarta.activation-api-1.2.1.jar:/usr/local/hadoop/share/hadoop/common/lib/kerb-identity-1.0.1.jar:/usr/local/hadoop/share/hadoop/common/lib/accessors-smart-2.4.7.jar:/usr/local/hadoop/share/hadoop/common/lib/commons-text-1.4.jar:/usr/local/hadoop/share/hadoop/common/lib/kerb-core-1.0.1.jar:/usr/local/hadoop/share/hadoop/common/lib/listenablefuture-9999.0-empty-to-avoid-conflict-with-guava.jar:/usr/local/hadoop/share/hadoop/common/lib/curator-client-4.2.0.jar:/usr/local/hadoop/share/hadoop/common/lib/jetty-io-9.4.43.v20210629.jar:/usr/local/hadoop/share/hadoop/common/lib/kerby-config-1.0.1.jar:/usr/local/hadoop/share/hadoop/common/lib/commons-logging-1.1.3.jar:/usr/local/hadoop/share/hadoop/common/lib/curator-framework-4.2.0.jar:/usr/local/hadoop/share/hadoop/common/lib/kerb-admin-1.0.1.jar:/usr/local/hadoop/share/hadoop/common/lib/jaxb-impl-2.2.3-1.jar:/usr/local/hadoop/share/hadoop/common/lib/kerby-pkix-1.0.1.jar:/usr/local/hadoop/share/hadoop/common/lib/jetty-util-9.4.43.v20210629.jar:/usr/local/hadoop/share/hadoop/common/lib/snappy-java-1.1.8.2.jar:/usr/local/hadoop/share/hadoop/common/lib/jackson-databind-2.13.2.2.jar:/usr/local/hadoop/share/hadoop/common/lib/hadoop-annotations-3.3.3.jar:/usr/local/hadoop/share/hadoop/common/lib/stax2-api-4.2.1.jar:/usr/local/hadoop/share/hadoop/common/lib/hadoop-shaded-protobuf_3_7-1.1.1.jar:/usr/local/hadoop/share/hadoop/common/lib/kerb-server-1.0.1.jar:/usr/local/hadoop/share/hadoop/common/lib/jcip-annotations-1.0-1.jar:/usr/local/hadoop/share/hadoop/common/lib/zookeeper-3.5.6.jar:/usr/local/hadoop/share/hadoop/common/lib/httpclient-4.5.13.jar:/usr/local/hadoop/share/hadoop/common/lib/commons-io-2.8.0.jar:/usr/local/hadoop/share/hadoop/common/lib/jersey-servlet-1.19.jar:/usr/local/hadoop/share/hadoop/common/lib/gson-2.8.9.jar:/usr/local/hadoop/share/hadoop/common/lib/jackson-xc-1.9.13.jar:/usr/local/hadoop/share/hadoop/common/lib/jersey-core-1.19.jar:/usr/local/hadoop/share/hadoop/common/lib/protobuf-java-2.5.0.jar:/usr/local/hadoop/share/hadoop/common/lib/dnsjava-2.1.7.jar:/usr/local/hadoop/share/hadoop/common/lib/jackson-annotations-2.13.2.jar:/usr/local/hadoop/share/hadoop/common/lib/jsr311-api-1.1.1.jar:/usr/local/hadoop/share/hadoop/common/lib/commons-lang3-3.12.0.jar:/usr/local/hadoop/share/hadoop/common/lib/kerby-xdr-1.0.1.jar:/usr/local/hadoop/share/hadoop/common/lib/kerb-simplekdc-1.0.1.jar:/usr/local/hadoop/share/hadoop/common/lib/commons-beanutils-1.9.4.jar:/usr/local/hadoop/share/hadoop/common/lib/kerby-util-1.0.1.jar:/usr/local/hadoop/share/hadoop/common/lib/slf4j-reload4j-1.7.36.jar:/usr/local/hadoop/share/hadoop/common/lib/failureaccess-1.0.jar:/usr/local/hadoop/share/hadoop/common/lib/commons-collections-3.2.2.jar:/usr/local/hadoop/share/hadoop/common/lib/nimbus-jose-jwt-9.8.1.jar:/usr/local/hadoop/share/hadoop/common/hadoop-registry-3.3.3.jar:/usr/local/hadoop/share/hadoop/common/hadoop-common-3.3.3.jar:/usr/local/hadoop/share/hadoop/common/hadoop-nfs-3.3.3.jar:/usr/local/hadoop/share/hadoop/common/hadoop-common-3.3.3-tests.jar:/usr/local/hadoop/share/hadoop/common/hadoop-kms-3.3.3.jar:/usr/local/hadoop/share/hadoop/hdfs:/usr/local/hadoop/share/hadoop/hdfs/lib/jsr305-3.0.2.jar:/usr/local/hadoop/share/hadoop/hdfs/lib/jettison-1.1.jar:/usr/local/hadoop/share/hadoop/hdfs/lib/httpcore-4.4.13.jar:/usr/local/hadoop/share/hadoop/hdfs/lib/jsch-0.1.55.jar:/usr/local/hadoop/share/hadoop/hdfs/lib/kerb-common-1.0.1.jar:/usr/local/hadoop/share/hadoop/hdfs/lib/json-smart-2.4.7.jar:/usr/local/hadoop/share/hadoop/hdfs/lib/commons-cli-1.2.jar:/usr/local/hadoop/share/hadoop/hdfs/lib/avro-1.7.7.jar:/usr/local/hadoop/share/hadoop/hdfs/lib/guava-27.0-jre.jar:/usr/local/hadoop/share/hadoop/hdfs/lib/token-provider-1.0.1.jar:/usr/local/hadoop/share/hadoop/hdfs/lib/jetty-security-9.4.43.v20210629.jar:/usr/local/hadoop/share/hadoop/hdfs/lib/commons-net-3.6.jar:/usr/local/hadoop/share/hadoop/hdfs/lib/kerb-crypto-1.0.1.jar:/usr/local/hadoop/share/hadoop/hdfs/lib/jetty-server-9.4.43.v20210629.jar:/usr/local/hadoop/share/hadoop/hdfs/lib/javax.servlet-api-3.1.0.jar:/usr/local/hadoop/share/hadoop/hdfs/lib/commons-codec-1.15.jar:/usr/local/hadoop/share/hadoop/hdfs/lib/commons-configuration2-2.1.1.jar:/usr/local/hadoop/share/hadoop/hdfs/lib/jersey-server-1.19.jar:/usr/local/hadoop/share/hadoop/hdfs/lib/jetty-util-ajax-9.4.43.v20210629.jar:/usr/local/hadoop/share/hadoop/hdfs/lib/commons-daemon-1.0.13.jar:/usr/local/hadoop/share/hadoop/hdfs/lib/asm-5.0.4.jar:/usr/local/hadoop/share/hadoop/hdfs/lib/paranamer-2.3.jar:/usr/local/hadoop/share/hadoop/hdfs/lib/jetty-http-9.4.43.v20210629.jar:/usr/local/hadoop/share/hadoop/hdfs/lib/kerb-client-1.0.1.jar:/usr/local/hadoop/share/hadoop/hdfs/lib/kerb-util-1.0.1.jar:/usr/local/hadoop/share/hadoop/hdfs/lib/jackson-mapper-asl-1.9.13.jar:/usr/local/hadoop/share/hadoop/hdfs/lib/woodstox-core-5.3.0.jar:/usr/local/hadoop/share/hadoop/hdfs/lib/re2j-1.1.jar:/usr/local/hadoop/share/hadoop/hdfs/lib/jackson-jaxrs-1.9.13.jar:/usr/local/hadoop/share/hadoop/hdfs/lib/netty-3.10.6.Final.jar:/usr/local/hadoop/share/hadoop/hdfs/lib/zookeeper-jute-3.5.6.jar:/usr/local/hadoop/share/hadoop/hdfs/lib/jetty-webapp-9.4.43.v20210629.jar:/usr/local/hadoop/share/hadoop/hdfs/lib/jetty-xml-9.4.43.v20210629.jar:/usr/local/hadoop/share/hadoop/hdfs/lib/kerby-asn1-1.0.1.jar:/usr/local/hadoop/share/hadoop/hdfs/lib/okio-1.6.0.jar:/usr/local/hadoop/share/hadoop/hdfs/lib/jetty-servlet-9.4.43.v20210629.jar:/usr/local/hadoop/share/hadoop/hdfs/lib/commons-compress-1.21.jar:/usr/local/hadoop/share/hadoop/hdfs/lib/animal-sniffer-annotations-1.17.jar:/usr/local/hadoop/share/hadoop/hdfs/lib/commons-math3-3.1.1.jar:/usr/local/hadoop/share/hadoop/hdfs/lib/checker-qual-2.5.2.jar:/usr/local/hadoop/share/hadoop/hdfs/lib/j2objc-annotations-1.1.jar:/usr/local/hadoop/share/hadoop/hdfs/lib/leveldbjni-all-1.8.jar:/usr/local/hadoop/share/hadoop/hdfs/lib/hadoop-shaded-guava-1.1.1.jar:/usr/local/hadoop/share/hadoop/hdfs/lib/jaxb-api-2.2.11.jar:/usr/local/hadoop/share/hadoop/hdfs/lib/okhttp-2.7.5.jar:/usr/local/hadoop/share/hadoop/hdfs/lib/jackson-core-2.13.2.jar:/usr/local/hadoop/share/hadoop/hdfs/lib/jersey-json-1.19.jar:/usr/local/hadoop/share/hadoop/hdfs/lib/hadoop-auth-3.3.3.jar:/usr/local/hadoop/share/hadoop/hdfs/lib/audience-annotations-0.5.0.jar:/usr/local/hadoop/share/hadoop/hdfs/lib/curator-recipes-4.2.0.jar:/usr/local/hadoop/share/hadoop/hdfs/lib/reload4j-1.2.18.3.jar:/usr/local/hadoop/share/hadoop/hdfs/lib/jackson-core-asl-1.9.13.jar:/usr/local/hadoop/share/hadoop/hdfs/lib/jakarta.activation-api-1.2.1.jar:/usr/local/hadoop/share/hadoop/hdfs/lib/kerb-identity-1.0.1.jar:/usr/local/hadoop/share/hadoop/hdfs/lib/accessors-smart-2.4.7.jar:/usr/local/hadoop/share/hadoop/hdfs/lib/commons-text-1.4.jar:/usr/local/hadoop/share/hadoop/hdfs/lib/kerb-core-1.0.1.jar:/usr/local/hadoop/share/hadoop/hdfs/lib/listenablefuture-9999.0-empty-to-avoid-conflict-with-guava.jar:/usr/local/hadoop/share/hadoop/hdfs/lib/curator-client-4.2.0.jar:/usr/local/hadoop/share/hadoop/hdfs/lib/netty-all-4.1.68.Final.jar:/usr/local/hadoop/share/hadoop/hdfs/lib/jetty-io-9.4.43.v20210629.jar:/usr/local/hadoop/share/hadoop/hdfs/lib/kerby-config-1.0.1.jar:/usr/local/hadoop/share/hadoop/hdfs/lib/commons-logging-1.1.3.jar:/usr/local/hadoop/share/hadoop/hdfs/lib/curator-framework-4.2.0.jar:/usr/local/hadoop/share/hadoop/hdfs/lib/kerb-admin-1.0.1.jar:/usr/local/hadoop/share/hadoop/hdfs/lib/jaxb-impl-2.2.3-1.jar:/usr/local/hadoop/share/hadoop/hdfs/lib/kerby-pkix-1.0.1.jar:/usr/local/hadoop/share/hadoop/hdfs/lib/jetty-util-9.4.43.v20210629.jar:/usr/local/hadoop/share/hadoop/hdfs/lib/snappy-java-1.1.8.2.jar:/usr/local/hadoop/share/hadoop/hdfs/lib/jackson-databind-2.13.2.2.jar:/usr/local/hadoop/share/hadoop/hdfs/lib/hadoop-annotations-3.3.3.jar:/usr/local/hadoop/share/hadoop/hdfs/lib/stax2-api-4.2.1.jar:/usr/local/hadoop/share/hadoop/hdfs/lib/hadoop-shaded-protobuf_3_7-1.1.1.jar:/usr/local/hadoop/share/hadoop/hdfs/lib/kerb-server-1.0.1.jar:/usr/local/hadoop/share/hadoop/hdfs/lib/jcip-annotations-1.0-1.jar:/usr/local/hadoop/share/hadoop/hdfs/lib/zookeeper-3.5.6.jar:/usr/local/hadoop/share/hadoop/hdfs/lib/json-simple-1.1.1.jar:/usr/local/hadoop/share/hadoop/hdfs/lib/httpclient-4.5.13.jar:/usr/local/hadoop/share/hadoop/hdfs/lib/commons-io-2.8.0.jar:/usr/local/hadoop/share/hadoop/hdfs/lib/jersey-servlet-1.19.jar:/usr/local/hadoop/share/hadoop/hdfs/lib/gson-2.8.9.jar:/usr/local/hadoop/share/hadoop/hdfs/lib/jackson-xc-1.9.13.jar:/usr/local/hadoop/share/hadoop/hdfs/lib/jersey-core-1.19.jar:/usr/local/hadoop/share/hadoop/hdfs/lib/protobuf-java-2.5.0.jar:/usr/local/hadoop/share/hadoop/hdfs/lib/dnsjava-2.1.7.jar:/usr/local/hadoop/share/hadoop/hdfs/lib/jackson-annotations-2.13.2.jar:/usr/local/hadoop/share/hadoop/hdfs/lib/jsr311-api-1.1.1.jar:/usr/local/hadoop/share/hadoop/hdfs/lib/commons-lang3-3.12.0.jar:/usr/local/hadoop/share/hadoop/hdfs/lib/kerby-xdr-1.0.1.jar:/usr/local/hadoop/share/hadoop/hdfs/lib/kerb-simplekdc-1.0.1.jar:/usr/local/hadoop/share/hadoop/hdfs/lib/commons-beanutils-1.9.4.jar:/usr/local/hadoop/share/hadoop/hdfs/lib/kerby-util-1.0.1.jar:/usr/local/hadoop/share/hadoop/hdfs/lib/failureaccess-1.0.jar:/usr/local/hadoop/share/hadoop/hdfs/lib/commons-collections-3.2.2.jar:/usr/local/hadoop/share/hadoop/hdfs/lib/nimbus-jose-jwt-9.8.1.jar:/usr/local/hadoop/share/hadoop/hdfs/hadoop-hdfs-client-3.3.3-tests.jar:/usr/local/hadoop/share/hadoop/hdfs/hadoop-hdfs-3.3.3-tests.jar:/usr/local/hadoop/share/hadoop/hdfs/hadoop-hdfs-native-client-3.3.3-tests.jar:/usr/local/hadoop/share/hadoop/hdfs/hadoop-hdfs-rbf-3.3.3-tests.jar:/usr/local/hadoop/share/hadoop/hdfs/hadoop-hdfs-native-client-3.3.3.jar:/usr/local/hadoop/share/hadoop/hdfs/hadoop-hdfs-rbf-3.3.3.jar:/usr/local/hadoop/share/hadoop/hdfs/hadoop-hdfs-httpfs-3.3.3.jar:/usr/local/hadoop/share/hadoop/hdfs/hadoop-hdfs-nfs-3.3.3.jar:/usr/local/hadoop/share/hadoop/hdfs/hadoop-hdfs-client-3.3.3.jar:/usr/local/hadoop/share/hadoop/hdfs/hadoop-hdfs-3.3.3.jar:/usr/local/hadoop/share/hadoop/mapreduce/hadoop-mapreduce-client-uploader-3.3.3.jar:/usr/local/hadoop/share/hadoop/mapreduce/hadoop-mapreduce-client-nativetask-3.3.3.jar:/usr/local/hadoop/share/hadoop/mapreduce/hadoop-mapreduce-client-jobclient-3.3.3-tests.jar:/usr/local/hadoop/share/hadoop/mapreduce/hadoop-mapreduce-client-hs-3.3.3.jar:/usr/local/hadoop/share/hadoop/mapreduce/hadoop-mapreduce-client-shuffle-3.3.3.jar:/usr/local/hadoop/share/hadoop/mapreduce/hadoop-mapreduce-client-jobclient-3.3.3.jar:/usr/local/hadoop/share/hadoop/mapreduce/hadoop-mapreduce-client-app-3.3.3.jar:/usr/local/hadoop/share/hadoop/mapreduce/hadoop-mapreduce-client-common-3.3.3.jar:/usr/local/hadoop/share/hadoop/mapreduce/hadoop-mapreduce-examples-3.3.3.jar:/usr/local/hadoop/share/hadoop/mapreduce/hadoop-mapreduce-client-core-3.3.3.jar:/usr/local/hadoop/share/hadoop/mapreduce/hadoop-mapreduce-client-hs-plugins-3.3.3.jar:/usr/local/hadoop/share/hadoop/yarn:/usr/local/hadoop/share/hadoop/yarn/lib/guice-servlet-4.0.jar:/usr/local/hadoop/share/hadoop/yarn/lib/asm-analysis-9.1.jar:/usr/local/hadoop/share/hadoop/yarn/lib/geronimo-jcache_1.0_spec-1.0-alpha-1.jar:/usr/local/hadoop/share/hadoop/yarn/lib/jetty-annotations-9.4.43.v20210629.jar:/usr/local/hadoop/share/hadoop/yarn/lib/aopalliance-1.0.jar:/usr/local/hadoop/share/hadoop/yarn/lib/asm-commons-9.1.jar:/usr/local/hadoop/share/hadoop/yarn/lib/javax.websocket-api-1.0.jar:/usr/local/hadoop/share/hadoop/yarn/lib/jna-5.2.0.jar:/usr/local/hadoop/share/hadoop/yarn/lib/json-io-2.5.1.jar:/usr/local/hadoop/share/hadoop/yarn/lib/ehcache-3.3.1.jar:/usr/local/hadoop/share/hadoop/yarn/lib/jetty-jndi-9.4.43.v20210629.jar:/usr/local/hadoop/share/hadoop/yarn/lib/websocket-server-9.4.43.v20210629.jar:/usr/local/hadoop/share/hadoop/yarn/lib/jetty-client-9.4.43.v20210629.jar:/usr/local/hadoop/share/hadoop/yarn/lib/HikariCP-java7-2.4.12.jar:/usr/local/hadoop/share/hadoop/yarn/lib/metrics-core-3.2.4.jar:/usr/local/hadoop/share/hadoop/yarn/lib/jackson-jaxrs-json-provider-2.13.2.jar:/usr/local/hadoop/share/hadoop/yarn/lib/objenesis-2.6.jar:/usr/local/hadoop/share/hadoop/yarn/lib/jakarta.xml.bind-api-2.3.3.jar:/usr/local/hadoop/share/hadoop/yarn/lib/bcpkix-jdk15on-1.60.jar:/usr/local/hadoop/share/hadoop/yarn/lib/jackson-module-jaxb-annotations-2.13.2.jar:/usr/local/hadoop/share/hadoop/yarn/lib/websocket-servlet-9.4.43.v20210629.jar:/usr/local/hadoop/share/hadoop/yarn/lib/bcprov-jdk15on-1.60.jar:/usr/local/hadoop/share/hadoop/yarn/lib/websocket-client-9.4.43.v20210629.jar:/usr/local/hadoop/share/hadoop/yarn/lib/websocket-common-9.4.43.v20210629.jar:/usr/local/hadoop/share/hadoop/yarn/lib/fst-2.50.jar:/usr/local/hadoop/share/hadoop/yarn/lib/jetty-plus-9.4.43.v20210629.jar:/usr/local/hadoop/share/hadoop/yarn/lib/snakeyaml-1.26.jar:/usr/local/hadoop/share/hadoop/yarn/lib/javax.inject-1.jar:/usr/local/hadoop/share/hadoop/yarn/lib/mssql-jdbc-6.2.1.jre7.jar:/usr/local/hadoop/share/hadoop/yarn/lib/asm-tree-9.1.jar:/usr/local/hadoop/share/hadoop/yarn/lib/java-util-1.9.0.jar:/usr/local/hadoop/share/hadoop/yarn/lib/websocket-api-9.4.43.v20210629.jar:/usr/local/hadoop/share/hadoop/yarn/lib/jackson-jaxrs-base-2.13.2.jar:/usr/local/hadoop/share/hadoop/yarn/lib/javax.websocket-client-api-1.0.jar:/usr/local/hadoop/share/hadoop/yarn/lib/jersey-client-1.19.jar:/usr/local/hadoop/share/hadoop/yarn/lib/javax-websocket-server-impl-9.4.43.v20210629.jar:/usr/local/hadoop/share/hadoop/yarn/lib/swagger-annotations-1.5.4.jar:/usr/local/hadoop/share/hadoop/yarn/lib/jersey-guice-1.19.jar:/usr/local/hadoop/share/hadoop/yarn/lib/guice-4.0.jar:/usr/local/hadoop/share/hadoop/yarn/lib/jline-3.9.0.jar:/usr/local/hadoop/share/hadoop/yarn/lib/javax-websocket-client-impl-9.4.43.v20210629.jar:/usr/local/hadoop/share/hadoop/yarn/lib/javax.ws.rs-api-2.1.1.jar:/usr/local/hadoop/share/hadoop/yarn/hadoop-yarn-server-applicationhistoryservice-3.3.3.jar:/usr/local/hadoop/share/hadoop/yarn/hadoop-yarn-api-3.3.3.jar:/usr/local/hadoop/share/hadoop/yarn/hadoop-yarn-applications-unmanaged-am-launcher-3.3.3.jar:/usr/local/hadoop/share/hadoop/yarn/hadoop-yarn-client-3.3.3.jar:/usr/local/hadoop/share/hadoop/yarn/hadoop-yarn-server-sharedcachemanager-3.3.3.jar:/usr/local/hadoop/share/hadoop/yarn/hadoop-yarn-server-resourcemanager-3.3.3.jar:/usr/local/hadoop/share/hadoop/yarn/hadoop-yarn-server-common-3.3.3.jar:/usr/local/hadoop/share/hadoop/yarn/hadoop-yarn-services-api-3.3.3.jar:/usr/local/hadoop/share/hadoop/yarn/hadoop-yarn-server-router-3.3.3.jar:/usr/local/hadoop/share/hadoop/yarn/hadoop-yarn-common-3.3.3.jar:/usr/local/hadoop/share/hadoop/yarn/hadoop-yarn-applications-mawo-core-3.3.3.jar:/usr/local/hadoop/share/hadoop/yarn/hadoop-yarn-applications-distributedshell-3.3.3.jar:/usr/local/hadoop/share/hadoop/yarn/hadoop-yarn-server-nodemanager-3.3.3.jar:/usr/local/hadoop/share/hadoop/yarn/hadoop-yarn-server-tests-3.3.3.jar:/usr/local/hadoop/share/hadoop/yarn/hadoop-yarn-services-core-3.3.3.jar:/usr/local/hadoop/share/hadoop/yarn/hadoop-yarn-registry-3.3.3.jar:/usr/local/hadoop/share/hadoop/yarn/hadoop-yarn-server-timeline-pluginstorage-3.3.3.jar:/usr/local/hadoop/share/hadoop/yarn/hadoop-yarn-server-web-proxy-3.3.3.jar
STARTUP_MSG:   build = https://github.com/apache/hadoop.git -r d37586cbda38c338d9fe481addda5a05fb516f71; compiled by 'stevel' on 2022-05-09T16:36Z
STARTUP_MSG:   java = 11.0.15
************************************************************/
2022-07-16 01:02:07,369 INFO org.apache.hadoop.hdfs.server.namenode.NameNode: registered UNIX signal handlers for [TERM, HUP, INT]
2022-07-16 01:02:07,572 INFO org.apache.hadoop.hdfs.server.namenode.NameNode: createNameNode []
2022-07-16 01:02:07,796 INFO org.apache.hadoop.metrics2.impl.MetricsConfig: Loaded properties from hadoop-metrics2.properties
2022-07-16 01:02:08,071 INFO org.apache.hadoop.metrics2.impl.MetricsSystemImpl: Scheduled Metric snapshot period at 10 second(s).
2022-07-16 01:02:08,074 INFO org.apache.hadoop.metrics2.impl.MetricsSystemImpl: NameNode metrics system started
2022-07-16 01:02:08,102 INFO org.apache.hadoop.hdfs.server.namenode.NameNodeUtils: fs.defaultFS is hdfs://localhost:54310
2022-07-16 01:02:08,102 INFO org.apache.hadoop.hdfs.server.namenode.NameNode: Clients should use localhost:54310 to access this namenode/service.
2022-07-16 01:02:08,451 INFO org.apache.hadoop.util.JvmPauseMonitor: Starting JVM pause monitor
2022-07-16 01:02:08,511 INFO org.apache.hadoop.hdfs.DFSUtil: Filter initializers set : org.apache.hadoop.http.lib.StaticUserWebFilter,org.apache.hadoop.hdfs.web.AuthFilterInitializer
2022-07-16 01:02:08,525 INFO org.apache.hadoop.hdfs.DFSUtil: Starting Web-server for hdfs at: http://0.0.0.0:9870
2022-07-16 01:02:08,566 INFO org.eclipse.jetty.util.log: Logging initialized @2201ms to org.eclipse.jetty.util.log.Slf4jLog
2022-07-16 01:02:08,882 WARN org.apache.hadoop.security.authentication.server.AuthenticationFilter: Unable to initialize FileSignerSecretProvider, falling back to use random secrets. Reason: Could not read signature secret file: /home/hduser/hadoop-http-auth-signature-secret
2022-07-16 01:02:08,919 INFO org.apache.hadoop.http.HttpRequestLog: Http request log for http.requests.namenode is not defined
2022-07-16 01:02:08,958 INFO org.apache.hadoop.http.HttpServer2: Added global filter 'safety' (class=org.apache.hadoop.http.HttpServer2$QuotingInputFilter)
2022-07-16 01:02:08,962 INFO org.apache.hadoop.http.HttpServer2: Added filter static_user_filter (class=org.apache.hadoop.http.lib.StaticUserWebFilter$StaticUserFilter) to context hdfs
2022-07-16 01:02:08,963 INFO org.apache.hadoop.http.HttpServer2: Added filter static_user_filter (class=org.apache.hadoop.http.lib.StaticUserWebFilter$StaticUserFilter) to context logs
2022-07-16 01:02:08,963 INFO org.apache.hadoop.http.HttpServer2: Added filter static_user_filter (class=org.apache.hadoop.http.lib.StaticUserWebFilter$StaticUserFilter) to context static
2022-07-16 01:02:08,979 INFO org.apache.hadoop.http.HttpServer2: Added filter AuthFilter (class=org.apache.hadoop.hdfs.web.AuthFilter) to context hdfs
2022-07-16 01:02:08,979 INFO org.apache.hadoop.http.HttpServer2: Added filter AuthFilter (class=org.apache.hadoop.hdfs.web.AuthFilter) to context logs
2022-07-16 01:02:08,979 INFO org.apache.hadoop.http.HttpServer2: Added filter AuthFilter (class=org.apache.hadoop.hdfs.web.AuthFilter) to context static
2022-07-16 01:02:09,090 INFO org.apache.hadoop.http.HttpServer2: addJerseyResourcePackage: packageName=org.apache.hadoop.hdfs.server.namenode.web.resources;org.apache.hadoop.hdfs.web.resources, pathSpec=/webhdfs/v1/*
2022-07-16 01:02:09,159 INFO org.apache.hadoop.http.HttpServer2: Jetty bound to port 9870
2022-07-16 01:02:09,162 INFO org.eclipse.jetty.server.Server: jetty-9.4.43.v20210629; built: 2021-06-30T11:07:22.254Z; git: 526006ecfa3af7f1a27ef3a288e2bef7ea9dd7e8; jvm 11.0.15+10-Ubuntu-0ubuntu0.18.04.1
2022-07-16 01:02:09,273 INFO org.eclipse.jetty.server.session: DefaultSessionIdManager workerName=node0
2022-07-16 01:02:09,273 INFO org.eclipse.jetty.server.session: No SessionScavenger set, using defaults
2022-07-16 01:02:09,275 INFO org.eclipse.jetty.server.session: node0 Scavenging every 660000ms
2022-07-16 01:02:09,318 WARN org.apache.hadoop.security.authentication.server.AuthenticationFilter: Unable to initialize FileSignerSecretProvider, falling back to use random secrets. Reason: Could not read signature secret file: /home/hduser/hadoop-http-auth-signature-secret
2022-07-16 01:02:09,339 INFO org.eclipse.jetty.server.handler.ContextHandler: Started o.e.j.s.ServletContextHandler@2d36e77e{logs,/logs,file:///usr/local/hadoop/logs/,AVAILABLE}
2022-07-16 01:02:09,340 INFO org.eclipse.jetty.server.handler.ContextHandler: Started o.e.j.s.ServletContextHandler@5cdd09b1{static,/static,file:///usr/local/hadoop/share/hadoop/hdfs/webapps/static/,AVAILABLE}
2022-07-16 01:02:09,618 INFO org.eclipse.jetty.server.handler.ContextHandler: Started o.e.j.w.WebAppContext@7c22d4f{hdfs,/,file:///usr/local/hadoop/share/hadoop/hdfs/webapps/hdfs/,AVAILABLE}{file:/usr/local/hadoop/share/hadoop/hdfs/webapps/hdfs}
2022-07-16 01:02:09,633 INFO org.eclipse.jetty.server.AbstractConnector: Started ServerConnector@7ce97ee5{HTTP/1.1, (http/1.1)}{0.0.0.0:9870}
2022-07-16 01:02:09,633 INFO org.eclipse.jetty.server.Server: Started @3269ms
2022-07-16 01:02:10,257 WARN org.apache.hadoop.hdfs.server.namenode.FSNamesystem: Only one image storage directory (dfs.namenode.name.dir) configured. Beware of data loss due to lack of redundant storage directories!
2022-07-16 01:02:10,257 WARN org.apache.hadoop.hdfs.server.namenode.FSNamesystem: Only one namespace edits storage directory (dfs.namenode.edits.dir) configured. Beware of data loss due to lack of redundant storage directories!
2022-07-16 01:02:10,336 INFO org.apache.hadoop.hdfs.server.namenode.FSEditLog: Edit logging is async:true
2022-07-16 01:02:10,494 INFO org.apache.hadoop.hdfs.server.namenode.FSNamesystem: KeyProvider: null
2022-07-16 01:02:10,502 INFO org.apache.hadoop.hdfs.server.namenode.FSNamesystem: fsLock is fair: true
2022-07-16 01:02:10,502 INFO org.apache.hadoop.hdfs.server.namenode.FSNamesystem: Detailed lock hold time metrics enabled: false
2022-07-16 01:02:10,577 INFO org.apache.hadoop.hdfs.server.namenode.FSNamesystem: fsOwner                = hduser (auth:SIMPLE)
2022-07-16 01:02:10,577 INFO org.apache.hadoop.hdfs.server.namenode.FSNamesystem: supergroup             = supergroup
2022-07-16 01:02:10,577 INFO org.apache.hadoop.hdfs.server.namenode.FSNamesystem: isPermissionEnabled    = true
2022-07-16 01:02:10,577 INFO org.apache.hadoop.hdfs.server.namenode.FSNamesystem: isStoragePolicyEnabled = true
2022-07-16 01:02:10,577 INFO org.apache.hadoop.hdfs.server.namenode.FSNamesystem: HA Enabled: false
2022-07-16 01:02:10,714 INFO org.apache.hadoop.hdfs.server.common.Util: dfs.datanode.fileio.profiling.sampling.percentage set to 0. Disabling file IO profiling
2022-07-16 01:02:10,753 INFO org.apache.hadoop.hdfs.server.blockmanagement.DatanodeManager: dfs.block.invalidate.limit: configured=1000, counted=60, effected=1000
2022-07-16 01:02:10,753 INFO org.apache.hadoop.hdfs.server.blockmanagement.DatanodeManager: dfs.namenode.datanode.registration.ip-hostname-check=true
2022-07-16 01:02:10,776 INFO org.apache.hadoop.hdfs.server.blockmanagement.BlockManager: dfs.namenode.startup.delay.block.deletion.sec is set to 000:00:00:00.000
2022-07-16 01:02:10,777 INFO org.apache.hadoop.hdfs.server.blockmanagement.BlockManager: The block deletion will start around 2022 Jul 16 01:02:10
2022-07-16 01:02:10,780 INFO org.apache.hadoop.util.GSet: Computing capacity for map BlocksMap
2022-07-16 01:02:10,781 INFO org.apache.hadoop.util.GSet: VM type       = 64-bit
2022-07-16 01:02:10,782 INFO org.apache.hadoop.util.GSet: 2.0% max memory 496 MB = 9.9 MB
2022-07-16 01:02:10,782 INFO org.apache.hadoop.util.GSet: capacity      = 2^20 = 1048576 entries
2022-07-16 01:02:10,838 INFO org.apache.hadoop.hdfs.server.blockmanagement.BlockManager: Storage policy satisfier is disabled
2022-07-16 01:02:10,838 INFO org.apache.hadoop.hdfs.server.blockmanagement.BlockManager: dfs.block.access.token.enable = false
2022-07-16 01:02:10,875 INFO org.apache.hadoop.hdfs.server.blockmanagement.BlockManagerSafeMode: dfs.namenode.safemode.threshold-pct = 0.999
2022-07-16 01:02:10,875 INFO org.apache.hadoop.hdfs.server.blockmanagement.BlockManagerSafeMode: dfs.namenode.safemode.min.datanodes = 0
2022-07-16 01:02:10,876 INFO org.apache.hadoop.hdfs.server.blockmanagement.BlockManagerSafeMode: dfs.namenode.safemode.extension = 30000
2022-07-16 01:02:10,877 INFO org.apache.hadoop.hdfs.server.blockmanagement.BlockManager: defaultReplication         = 1
2022-07-16 01:02:10,877 INFO org.apache.hadoop.hdfs.server.blockmanagement.BlockManager: maxReplication             = 512
2022-07-16 01:02:10,877 INFO org.apache.hadoop.hdfs.server.blockmanagement.BlockManager: minReplication             = 1
2022-07-16 01:02:10,877 INFO org.apache.hadoop.hdfs.server.blockmanagement.BlockManager: maxReplicationStreams      = 2
2022-07-16 01:02:10,877 INFO org.apache.hadoop.hdfs.server.blockmanagement.BlockManager: redundancyRecheckInterval  = 3000ms
2022-07-16 01:02:10,877 INFO org.apache.hadoop.hdfs.server.blockmanagement.BlockManager: encryptDataTransfer        = false
2022-07-16 01:02:10,877 INFO org.apache.hadoop.hdfs.server.blockmanagement.BlockManager: maxNumBlocksToLog          = 1000
2022-07-16 01:02:11,010 INFO org.apache.hadoop.hdfs.server.namenode.FSDirectory: GLOBAL serial map: bits=29 maxEntries=536870911
2022-07-16 01:02:11,010 INFO org.apache.hadoop.hdfs.server.namenode.FSDirectory: USER serial map: bits=24 maxEntries=16777215
2022-07-16 01:02:11,010 INFO org.apache.hadoop.hdfs.server.namenode.FSDirectory: GROUP serial map: bits=24 maxEntries=16777215
2022-07-16 01:02:11,010 INFO org.apache.hadoop.hdfs.server.namenode.FSDirectory: XATTR serial map: bits=24 maxEntries=16777215
2022-07-16 01:02:11,039 INFO org.apache.hadoop.util.GSet: Computing capacity for map INodeMap
2022-07-16 01:02:11,039 INFO org.apache.hadoop.util.GSet: VM type       = 64-bit
2022-07-16 01:02:11,039 INFO org.apache.hadoop.util.GSet: 1.0% max memory 496 MB = 5.0 MB
2022-07-16 01:02:11,039 INFO org.apache.hadoop.util.GSet: capacity      = 2^19 = 524288 entries
2022-07-16 01:02:11,044 INFO org.apache.hadoop.hdfs.server.namenode.FSDirectory: ACLs enabled? true
2022-07-16 01:02:11,044 INFO org.apache.hadoop.hdfs.server.namenode.FSDirectory: POSIX ACL inheritance enabled? true
2022-07-16 01:02:11,044 INFO org.apache.hadoop.hdfs.server.namenode.FSDirectory: XAttrs enabled? true
2022-07-16 01:02:11,045 INFO org.apache.hadoop.hdfs.server.namenode.NameNode: Caching file names occurring more than 10 times
2022-07-16 01:02:11,053 INFO org.apache.hadoop.hdfs.server.namenode.snapshot.SnapshotManager: Loaded config captureOpenFiles: false, skipCaptureAccessTimeOnlyChange: false, snapshotDiffAllowSnapRootDescendant: true, maxSnapshotLimit: 65536
2022-07-16 01:02:11,055 INFO org.apache.hadoop.hdfs.server.namenode.snapshot.SnapshotManager: SkipList is disabled
2022-07-16 01:02:11,062 INFO org.apache.hadoop.util.GSet: Computing capacity for map cachedBlocks
2022-07-16 01:02:11,062 INFO org.apache.hadoop.util.GSet: VM type       = 64-bit
2022-07-16 01:02:11,063 INFO org.apache.hadoop.util.GSet: 0.25% max memory 496 MB = 1.2 MB
2022-07-16 01:02:11,063 INFO org.apache.hadoop.util.GSet: capacity      = 2^17 = 131072 entries
2022-07-16 01:02:11,082 INFO org.apache.hadoop.hdfs.server.namenode.top.metrics.TopMetrics: NNTop conf: dfs.namenode.top.window.num.buckets = 10
2022-07-16 01:02:11,082 INFO org.apache.hadoop.hdfs.server.namenode.top.metrics.TopMetrics: NNTop conf: dfs.namenode.top.num.users = 10
2022-07-16 01:02:11,082 INFO org.apache.hadoop.hdfs.server.namenode.top.metrics.TopMetrics: NNTop conf: dfs.namenode.top.windows.minutes = 1,5,25
2022-07-16 01:02:11,103 INFO org.apache.hadoop.hdfs.server.namenode.FSNamesystem: Retry cache on namenode is enabled
2022-07-16 01:02:11,103 INFO org.apache.hadoop.hdfs.server.namenode.FSNamesystem: Retry cache will use 0.03 of total heap and retry cache entry expiry time is 600000 millis
2022-07-16 01:02:11,107 INFO org.apache.hadoop.util.GSet: Computing capacity for map NameNodeRetryCache
2022-07-16 01:02:11,108 INFO org.apache.hadoop.util.GSet: VM type       = 64-bit
2022-07-16 01:02:11,108 INFO org.apache.hadoop.util.GSet: 0.029999999329447746% max memory 496 MB = 152.4 KB
2022-07-16 01:02:11,108 INFO org.apache.hadoop.util.GSet: capacity      = 2^14 = 16384 entries
2022-07-16 01:02:11,242 INFO org.apache.hadoop.hdfs.server.common.Storage: Lock on /usr/local/hadoop_store/hdfs/namenode/in_use.lock acquired by nodename 8392@ubuntu
2022-07-16 01:02:11,330 INFO org.apache.hadoop.hdfs.server.namenode.FileJournalManager: Recovering unfinalized segments in /usr/local/hadoop_store/hdfs/namenode/current
2022-07-16 01:02:11,333 INFO org.apache.hadoop.hdfs.server.namenode.FSImage: No edit log streams selected.
2022-07-16 01:02:11,336 INFO org.apache.hadoop.hdfs.server.namenode.FSImage: Planning to load image: FSImageFile(file=/usr/local/hadoop_store/hdfs/namenode/current/fsimage_0000000000000000000, cpktTxId=0000000000000000000)
2022-07-16 01:02:11,562 INFO org.apache.hadoop.hdfs.server.namenode.FSImageFormatPBINode: Loading 1 INodes.
2022-07-16 01:02:11,595 INFO org.apache.hadoop.hdfs.server.namenode.FSImageFormatPBINode: Successfully loaded 1 inodes
2022-07-16 01:02:11,625 INFO org.apache.hadoop.hdfs.server.namenode.FSImageFormatPBINode: Completed update blocks map and name cache, total waiting duration 0ms.
2022-07-16 01:02:11,644 INFO org.apache.hadoop.hdfs.server.namenode.FSImageFormatProtobuf: Loaded FSImage in 0 seconds.
2022-07-16 01:02:11,644 INFO org.apache.hadoop.hdfs.server.namenode.FSImage: Loaded image for txid 0 from /usr/local/hadoop_store/hdfs/namenode/current/fsimage_0000000000000000000
2022-07-16 01:02:11,657 INFO org.apache.hadoop.hdfs.server.namenode.FSNamesystem: Need to save fs image? false (staleImage=false, haEnabled=false, isRollingUpgrade=false)
2022-07-16 01:02:11,667 INFO org.apache.hadoop.hdfs.server.namenode.FSEditLog: Starting log segment at 1
2022-07-16 01:02:12,031 INFO org.apache.hadoop.hdfs.server.namenode.NameCache: initialized with 0 entries 0 lookups
2022-07-16 01:02:12,031 INFO org.apache.hadoop.hdfs.server.namenode.FSNamesystem: Finished loading FSImage in 901 msecs
2022-07-16 01:02:12,826 INFO org.apache.hadoop.hdfs.server.namenode.NameNode: RPC server is binding to localhost:54310
2022-07-16 01:02:12,827 INFO org.apache.hadoop.hdfs.server.namenode.NameNode: Enable NameNode state context:false
2022-07-16 01:02:12,866 INFO org.apache.hadoop.ipc.CallQueueManager: Using callQueue: class java.util.concurrent.LinkedBlockingQueue, queueCapacity: 1000, scheduler: class org.apache.hadoop.ipc.DefaultRpcScheduler, ipcBackoff: false.
2022-07-16 01:02:12,915 INFO org.apache.hadoop.ipc.Server: Starting Socket Reader #1 for port 54310
2022-07-16 01:02:14,369 INFO org.apache.hadoop.hdfs.server.namenode.FSNamesystem: Registered FSNamesystemState, ReplicatedBlocksState and ECBlockGroupsState MBeans.
2022-07-16 01:02:14,401 INFO org.apache.hadoop.hdfs.server.namenode.LeaseManager: Number of blocks under construction: 0
2022-07-16 01:02:14,419 INFO org.apache.hadoop.hdfs.server.blockmanagement.DatanodeAdminDefaultMonitor: Initialized the Default Decommission and Maintenance monitor
2022-07-16 01:02:14,484 INFO org.apache.hadoop.hdfs.server.blockmanagement.BlockManager: initializing replication queues
2022-07-16 01:02:14,490 INFO org.apache.hadoop.hdfs.StateChange: STATE* Leaving safe mode after 0 secs
2022-07-16 01:02:14,497 INFO org.apache.hadoop.hdfs.StateChange: STATE* Network topology has 0 racks and 0 datanodes
2022-07-16 01:02:14,497 INFO org.apache.hadoop.hdfs.StateChange: STATE* UnderReplicatedBlocks has 0 blocks
2022-07-16 01:02:14,463 INFO org.apache.hadoop.hdfs.server.blockmanagement.BlockManager: Start MarkedDeleteBlockScrubber thread
2022-07-16 01:02:14,529 INFO org.apache.hadoop.hdfs.server.blockmanagement.BlockManager: Total number of blocks            = 0
2022-07-16 01:02:14,529 INFO org.apache.hadoop.hdfs.server.blockmanagement.BlockManager: Number of invalid blocks          = 0
2022-07-16 01:02:14,529 INFO org.apache.hadoop.hdfs.server.blockmanagement.BlockManager: Number of under-replicated blocks = 0
2022-07-16 01:02:14,529 INFO org.apache.hadoop.hdfs.server.blockmanagement.BlockManager: Number of  over-replicated blocks = 0
2022-07-16 01:02:14,529 INFO org.apache.hadoop.hdfs.server.blockmanagement.BlockManager: Number of blocks being written    = 0
2022-07-16 01:02:14,529 INFO org.apache.hadoop.hdfs.StateChange: STATE* Replication Queue initialization scan for invalid, over- and under-replicated blocks completed in 32 msec
2022-07-16 01:02:14,763 INFO org.apache.hadoop.hdfs.server.namenode.NameNode: NameNode RPC up at: localhost/127.0.0.1:54310
2022-07-16 01:02:14,659 INFO org.apache.hadoop.ipc.Server: IPC Server Responder: starting
2022-07-16 01:02:14,672 INFO org.apache.hadoop.ipc.Server: IPC Server listener on 54310: starting
2022-07-16 01:02:14,795 INFO org.apache.hadoop.hdfs.server.namenode.FSNamesystem: Starting services required for active state
2022-07-16 01:02:14,795 INFO org.apache.hadoop.hdfs.server.namenode.FSDirectory: Initializing quota with 12 thread(s)
2022-07-16 01:02:14,838 INFO org.apache.hadoop.hdfs.server.namenode.FSDirectory: Quota initialization completed in 42 milliseconds
name space=1
storage space=0
storage types=RAM_DISK=0, SSD=0, DISK=0, ARCHIVE=0, PROVIDED=0
2022-07-16 01:02:14,884 INFO org.apache.hadoop.hdfs.server.blockmanagement.CacheReplicationMonitor: Starting CacheReplicationMonitor with interval 30000 milliseconds
2022-07-16 01:02:19,613 INFO org.apache.hadoop.hdfs.StateChange: BLOCK* registerDatanode: from DatanodeRegistration(127.0.0.1:9866, datanodeUuid=5a01077b-22e2-4ca3-86a9-c2b7689ffaa3, infoPort=9864, infoSecurePort=0, ipcPort=9867, storageInfo=lv=-57;cid=CID-3ebe00bc-3a39-4aa9-bae4-9edb375634c8;nsid=1061393383;c=1657933244874) storage 5a01077b-22e2-4ca3-86a9-c2b7689ffaa3
2022-07-16 01:02:19,615 INFO org.apache.hadoop.net.NetworkTopology: Adding a new node: /default-rack/127.0.0.1:9866
2022-07-16 01:02:19,615 INFO org.apache.hadoop.hdfs.server.blockmanagement.BlockReportLeaseManager: Registered DN 5a01077b-22e2-4ca3-86a9-c2b7689ffaa3 (127.0.0.1:9866).
2022-07-16 01:02:19,847 INFO org.apache.hadoop.hdfs.server.blockmanagement.DatanodeDescriptor: Adding new storage ID DS-f9e25526-7e88-4100-a94b-e7f3817fb7e1 for DN 127.0.0.1:9866
2022-07-16 01:02:20,069 INFO BlockStateChange: BLOCK* processReport 0xcee95cf9507c50df with lease ID 0xae4077e1aab5e284: Processing first storage report for DS-f9e25526-7e88-4100-a94b-e7f3817fb7e1 from datanode DatanodeRegistration(127.0.0.1:9866, datanodeUuid=5a01077b-22e2-4ca3-86a9-c2b7689ffaa3, infoPort=9864, infoSecurePort=0, ipcPort=9867, storageInfo=lv=-57;cid=CID-3ebe00bc-3a39-4aa9-bae4-9edb375634c8;nsid=1061393383;c=1657933244874)
2022-07-16 01:02:20,091 INFO BlockStateChange: BLOCK* processReport 0xcee95cf9507c50df with lease ID 0xae4077e1aab5e284: from storage DS-f9e25526-7e88-4100-a94b-e7f3817fb7e1 node DatanodeRegistration(127.0.0.1:9866, datanodeUuid=5a01077b-22e2-4ca3-86a9-c2b7689ffaa3, infoPort=9864, infoSecurePort=0, ipcPort=9867, storageInfo=lv=-57;cid=CID-3ebe00bc-3a39-4aa9-bae4-9edb375634c8;nsid=1061393383;c=1657933244874), blocks: 0, hasStaleStorage: false, processing time: 11 msecs, invalidatedBlocks: 0
2022-07-16 01:07:57,009 INFO org.apache.hadoop.hdfs.server.namenode.FSEditLog: Number of transactions: 2 Total time for transactions(ms): 14 Number of transactions batched in Syncs: 0 Number of syncs: 2 SyncTimes(ms): 11 
2022-07-16 01:09:52,863 INFO org.apache.hadoop.hdfs.server.namenode.FSEditLog: Number of transactions: 5 Total time for transactions(ms): 15 Number of transactions batched in Syncs: 1 Number of syncs: 4 SyncTimes(ms): 13 
2022-07-16 01:09:52,957 INFO org.apache.hadoop.hdfs.StateChange: BLOCK* allocate blk_1073741825_1001, replicas=127.0.0.1:9866 for /user/hduser/input_dir/hashtags.txt._COPYING_
2022-07-16 01:09:53,375 INFO org.apache.hadoop.hdfs.server.namenode.FSNamesystem: BLOCK* blk_1073741825_1001 is COMMITTED but not COMPLETE(numNodes= 0 <  minimum = 1) in file /user/hduser/input_dir/hashtags.txt._COPYING_
2022-07-16 01:09:53,787 INFO org.apache.hadoop.hdfs.StateChange: DIR* completeFile: /user/hduser/input_dir/hashtags.txt._COPYING_ is closed by DFSClient_NONMAPREDUCE_-967516349_1
2022-07-16 01:11:42,762 INFO org.apache.hadoop.hdfs.server.namenode.FSEditLog: Number of transactions: 13 Total time for transactions(ms): 16 Number of transactions batched in Syncs: 1 Number of syncs: 10 SyncTimes(ms): 18 
2022-07-16 01:11:43,725 INFO org.apache.hadoop.hdfs.StateChange: BLOCK* allocate blk_1073741826_1002, replicas=127.0.0.1:9866 for /user/hduser/output/_temporary/0/_temporary/attempt_local1124628741_0001_r_000000_0/part-r-00000
2022-07-16 01:11:43,791 INFO org.apache.hadoop.hdfs.StateChange: DIR* completeFile: /user/hduser/output/_temporary/0/_temporary/attempt_local1124628741_0001_r_000000_0/part-r-00000 is closed by DFSClient_NONMAPREDUCE_-1114711396_1
2022-07-16 01:11:43,893 INFO org.apache.hadoop.hdfs.StateChange: DIR* completeFile: /user/hduser/output/_SUCCESS is closed by DFSClient_NONMAPREDUCE_-1114711396_1
2022-07-16 01:29:24,462 INFO org.apache.hadoop.hdfs.server.namenode.FSNamesystem: Roll Edit Log from 127.0.0.1
2022-07-16 01:29:24,462 INFO org.apache.hadoop.hdfs.server.namenode.FSEditLog: Rolling edit logs
2022-07-16 01:29:24,462 INFO org.apache.hadoop.hdfs.server.namenode.FSEditLog: Ending log segment 1, 24
2022-07-16 01:29:24,463 INFO org.apache.hadoop.hdfs.server.namenode.FSEditLog: Number of transactions: 25 Total time for transactions(ms): 18 Number of transactions batched in Syncs: 6 Number of syncs: 19 SyncTimes(ms): 28 
2022-07-16 01:29:24,464 INFO org.apache.hadoop.hdfs.server.namenode.FSEditLog: Number of transactions: 25 Total time for transactions(ms): 18 Number of transactions batched in Syncs: 6 Number of syncs: 20 SyncTimes(ms): 29 
2022-07-16 01:29:24,466 INFO org.apache.hadoop.hdfs.server.namenode.FileJournalManager: Finalizing edits file /usr/local/hadoop_store/hdfs/namenode/current/edits_inprogress_0000000000000000001 -> /usr/local/hadoop_store/hdfs/namenode/current/edits_0000000000000000001-0000000000000000025
2022-07-16 01:29:24,504 INFO org.apache.hadoop.hdfs.server.namenode.FSEditLog: Starting log segment at 26
2022-07-16 01:29:24,728 INFO org.apache.hadoop.hdfs.server.namenode.TransferFsImage: Sending fileName: /usr/local/hadoop_store/hdfs/namenode/current/fsimage_0000000000000000000, fileSize: 401. Sent total: 401 bytes. Size of last segment intended to send: -1 bytes.
2022-07-16 01:29:24,766 INFO org.apache.hadoop.hdfs.server.namenode.TransferFsImage: Sending fileName: /usr/local/hadoop_store/hdfs/namenode/current/edits_0000000000000000001-0000000000000000025, fileSize: 2622. Sent total: 2622 bytes. Size of last segment intended to send: -1 bytes.
2022-07-16 01:29:25,307 INFO org.apache.hadoop.hdfs.server.namenode.ImageServlet: Rejecting a fsimage due to small time delta and txnid delta. Time since previous checkpoint is 1720 expecting at least 2700 txnid delta since previous checkpoint is 25 expecting at least 1000000
